#
# A fatal error has been detected by the Java Runtime Environment:
#
#  SIGBUS (0x7) at pc=0x00007ffb1500c073, pid=15682, tid=15946
#
# JRE version: OpenJDK Runtime Environment Temurin-17.0.4.1+1 (17.0.4.1+1) (build 17.0.4.1+1)
# Java VM: OpenJDK 64-Bit Server VM Temurin-17.0.4.1+1 (17.0.4.1+1, mixed mode, emulated-client, tiered, compressed oops, compressed class ptrs, g1 gc, linux-amd64)
# Problematic frame:
# 
[error occurred during error reporting (printing problematic frame), id 0x7, SIGBUS (0x7) at pc=0x00007ffb2099c91a]

# No core dump will be written. Core dumps have been disabled. To enable core dumping, try "ulimit -c unlimited" before starting Java again
#
# If you would like to submit a bug report, please visit:
#   https://github.com/adoptium/adoptium-support/issues
#

---------------  S U M M A R Y ------------

Command Line: -Dcom.sun.management.jmxremote -Dcom.sun.management.jmxremote.port=39393 -Dcom.sun.management.jmxremote.authenticate=false -Dcom.sun.management.jmxremote.ssl=false -Djava.rmi.server.hostname=localhost -Dspring.jmx.enabled=true -Dspring.application.admin.enabled=true -Djava.security.egd=file:/dev/./urandom -XX:TieredStopAtLevel=1 -Dspring.boot.project.name=mmometa -Dfile.encoding=UTF-8 -XX:+ShowCodeDetailsInExceptionMessages -Dawt.useSystemAAFontSettings=on -Dswing.aatext=true com.mmo515.mmometa.MmometaApplication --spring.output.ansi.enabled=always

Host: AMD Turion(tm) 64 X2 Mobile Technology TL-60, 2 cores, 3G, Kali GNU/Linux Rolling
Time: Wed Nov 16 12:53:36 2022 -03 elapsed time: 968.764999 seconds (0d 0h 16m 8s)

---------------  T H R E A D  ---------------

Current thread (0x00007ffad4005e60):  JavaThread "RMI TCP Connection(27)-127.0.0.1" daemon [_thread_in_Java, id=15946, stack(0x00007ffad2300000,0x00007ffad2400000)]

Stack: [0x00007ffad2300000,0x00007ffad2400000],  sp=0x00007ffad23fe010,  free space=1016k
Native frames: (J=compiled Java code, j=interpreted, Vv=VM code, C=native code)

[error occurred during error reporting (printing native stack), id 0x7, SIGBUS (0x7) at pc=0x00007ffb2099c91a]


siginfo: si_signo: 7 (SIGBUS), si_code: 2 (BUS_ADRERR), si_addr: 0x00007ffafa84b848

Register to memory mapping:

RAX=0x00007ffb154c43ec is at entry_point+620 in (nmethod*)0x00007ffb154c3f90
RBX={method} {0x00007ffafa84ca40} 'generateMethod' '(Ljava/lang/Class;Ljava/lang/String;[Ljava/lang/Class;Ljava/lang/Class;[Ljava/lang/Class;I)Ljdk/internal/reflect/MethodAccessor;' in 
[error occurred during error reporting (printing register info), id 0x7, SIGBUS (0x7) at pc=0x00007ffb2099c23b]

Registers:
RAX=0x00007ffb154c43ec, RBX=0x00007ffafa84ca40, RCX=0x0000000000000007, RDX=0x00007ffafa84b830
RSP=0x00007ffad23fe010, RBP=0x00007ffad23fe028, RSI=0x00000000c7b7af68, RDI=0x00000000c7b7b010
R8 =0x00000000c7b7aff8, R9 =0x00000000c4c142d0, R10=0x0000000000000001, R11=0x00007ffb15471680
R12=0x0000000000000000, R13=0x00007ffafa84c9d0, R14=0x00007ffad23fe068, R15=0x00007ffad4005e60
RIP=0x00007ffb1500c073, EFLAGS=0x0000000000010246, CSGSFS=0x002b000000000033, ERR=0x0000000000000004
  TRAPNO=0x000000000000000e

Top of Stack: (sp=0x00007ffad23fe010)
0x00007ffad23fe010:   00007ffafa84ca40 0000000000000000
0x00007ffad23fe020:   00007ffad23fe070 00007ffad23fe268
0x00007ffad23fe030:   00007ffb154c43ec 0000000000000401
0x00007ffad23fe040:   00000000c7b7b010 00000000c4c142d0 

Instructions: (pc=0x00007ffb1500c073)
0x00007ffb1500bf73:   89 af 98 02 00 00 49 89 87 88 02 00 00 f7 c4 0f
0x00007ffb1500bf83:   00 00 00 0f 84 12 00 00 00 48 83 ec 08 e8 7b 83
0x00007ffb1500bf93:   60 0b 48 83 c4 08 e9 05 00 00 00 e8 6d 83 60 0b
0x00007ffb1500bfa3:   49 c7 87 88 02 00 00 00 00 00 00 49 c7 87 98 02
0x00007ffb1500bfb3:   00 00 00 00 00 00 49 c7 87 90 02 00 00 00 00 00
0x00007ffb1500bfc3:   00 49 81 7f 08 00 00 00 00 0f 84 05 00 00 00 e9
0x00007ffb1500bfd3:   29 4c ff ff 4c 8b 6d c0 4c 8b 75 c8 c3 00 03 00
0x00007ffb1500bfe3:   00 00 00 00 00 78 89 e0 20 fb 7f 00 00 ff ff ff
0x00007ffb1500bff3:   ff 00 00 00 00 00 00 00 00 00 00 00 00 48 8b 53
0x00007ffb1500c003:   08 0f b7 4a 2c 0f b7 52 2a 2b d1 81 fa f5 01 00
0x00007ffb1500c013:   00 0f 86 25 00 00 00 48 8b c2 48 c1 e0 03 48 83
0x00007ffb1500c023:   c0 58 49 03 87 b0 03 00 00 48 3b e0 0f 87 0a 00
0x00007ffb1500c033:   00 00 58 49 8b e5 50 e9 41 c5 ff ff 58 4c 8d 74
0x00007ffb1500c043:   cc f8 85 d2 0f 8e 09 00 00 00 68 00 00 00 00 ff
0x00007ffb1500c053:   ca 7f f7 50 55 48 8b ec 41 55 68 00 00 00 00 4c
0x00007ffb1500c063:   8b 6b 08 4d 8d 6d 30 53 48 8b 53 08 48 8b 52 08
0x00007ffb1500c073:   48 8b 52 18 48 8b 52 70 48 8b 12 52 68 00 00 00
0x00007ffb1500c083:   00 48 8b 53 08 48 8b 52 08 48 8b 52 10 52 41 56
0x00007ffb1500c093:   41 55 68 00 00 00 00 48 89 24 24 41 c6 87 69 03
0x00007ffb1500c0a3:   00 00 01 48 8b 43 18 48 85 c0 0f 85 94 00 00 00
0x00007ffb1500c0b3:   e8 05 00 00 00 e9 7d 00 00 00 48 8b f3 48 8d 44
0x00007ffb1500c0c3:   24 08 4c 89 6d c0 49 8b ff 49 89 af 98 02 00 00
0x00007ffb1500c0d3:   49 89 87 88 02 00 00 f7 c4 0f 00 00 00 0f 84 12
0x00007ffb1500c0e3:   00 00 00 48 83 ec 08 e8 81 98 60 0b 48 83 c4 08
0x00007ffb1500c0f3:   e9 05 00 00 00 e8 73 98 60 0b 49 c7 87 88 02 00
0x00007ffb1500c103:   00 00 00 00 00 49 c7 87 98 02 00 00 00 00 00 00
0x00007ffb1500c113:   49 c7 87 90 02 00 00 00 00 00 00 49 81 7f 08 00
0x00007ffb1500c123:   00 00 00 0f 84 05 00 00 00 e9 cf 4a ff ff 4c 8b
0x00007ffb1500c133:   6d c0 4c 8b 75 c8 c3 48 8b 43 18 48 85 c0 0f 84
0x00007ffb1500c143:   12 00 00 00 8b 48 08 83 c1 02 89 48 08 23 48 20
0x00007ffb1500c153:   0f 84 de 00 00 00 89 84 24 00 f0 ff ff 89 84 24
0x00007ffb1500c163:   00 e0 ff ff 89 84 24 00 d0 ff ff 89 84 24 00 c0 


Stack slot to memory mapping:
stack at sp + 0 slots: {method} {0x00007ffafa84ca40} 'generateMethod' '(Ljava/lang/Class;Ljava/lang/String;[Ljava/lang/Class;Ljava/lang/Class;[Ljava/lang/Class;I)Ljdk/internal/reflect/MethodAccessor;' in 
[error occurred during error reporting (inspecting top of stack), id 0x7, SIGBUS (0x7) at pc=0x00007ffb2099c23b]

method entry point (kind = zerolocals)  [0x00007ffb1500c000, 0x00007ffb1500c2e0]  736 bytes
[MachCode]
  0x00007ffb1500c000: 488b 5308 | 0fb7 4a2c | 0fb7 522a | 2bd1 81fa | f501 0000 | 0f86 2500 | 0000 488b | c248 c1e0 
  0x00007ffb1500c020: 0348 83c0 | 5849 0387 | b003 0000 | 483b e00f | 870a 0000 | 0058 498b | e550 e941 | c5ff ff58 
  0x00007ffb1500c040: 4c8d 74cc | f885 d20f | 8e09 0000 | 0068 0000 | 0000 ffca | 7ff7 5055 | 488b ec41 | 5568 0000 
  0x00007ffb1500c060: 0000 4c8b | 6b08 4d8d | 6d30 5348 | 8b53 0848 | 8b52 0848 | 8b52 1848 | 8b52 7048 | 8b12 5268 
  0x00007ffb1500c080: 0000 0000 | 488b 5308 | 488b 5208 | 488b 5210 | 5241 5641 | 5568 0000 | 0000 4889 | 2424 41c6 
  0x00007ffb1500c0a0: 8769 0300 | 0001 488b | 4318 4885 | c00f 8594 | 0000 00e8 | 0500 0000 | e97d 0000 | 0048 8bf3 
  0x00007ffb1500c0c0: 488d 4424 | 084c 896d | c049 8bff | 4989 af98 | 0200 0049 | 8987 8802 | 0000 f7c4 | 0f00 0000 
  0x00007ffb1500c0e0: 0f84 1200 | 0000 4883 | ec08 e881 | 9860 0b48 | 83c4 08e9 | 0500 0000 | e873 9860 | 0b49 c787 
  0x00007ffb1500c100: 8802 0000 | 0000 0000 | 49c7 8798 | 0200 0000 | 0000 0049 | c787 9002 | 0000 0000 | 0000 4981 
  0x00007ffb1500c120: 7f08 0000 | 0000 0f84 | 0500 0000 | e9cf 4aff | ff4c 8b6d | c04c 8b75 | c8c3 488b | 4318 4885 
  0x00007ffb1500c140: c00f 8412 | 0000 008b | 4808 83c1 | 0289 4808 | 2348 200f | 84de 0000 | 0089 8424 | 00f0 ffff 
  0x00007ffb1500c160: 8984 2400 | e0ff ff89 | 8424 00d0 | ffff 8984 | 2400 c0ff | ff89 8424 | 00b0 ffff | 8984 2400 
  0x00007ffb1500c180: a0ff ff89 | 8424 0090 | ffff 8984 | 2400 80ff | ff89 8424 | 0070 ffff | 8984 2400 | 60ff ff89 
  0x00007ffb1500c1a0: 8424 0050 | ffff 8984 | 2400 40ff | ff89 8424 | 0030 ffff | 8984 2400 | 20ff ff89 | 8424 0010 
  0x00007ffb1500c1c0: ffff 8984 | 2400 00ff | ff89 8424 | 00f0 feff | 8984 2400 | e0fe ff89 | 8424 00d0 | feff 8984 
  0x00007ffb1500c1e0: 2400 c0fe | ff41 c687 | 6903 0000 | 0080 3dd1 | cb0e 0c00 | 0f84 2a00 | 0000 488b | 75e8 498b 
  0x00007ffb1500c200: fff7 c40f | 0000 000f | 8412 0000 | 0048 83ec | 08e8 5ae6 | ab0b 4883 | c408 e905 | 0000 00e8 
  0x00007ffb1500c220: 4ce6 ab0b | 410f b65d | 0049 bae0 | d512 21fb | 7f00 0041 | ff24 dabe | 0000 0000 | e805 0000 
  0x00007ffb1500c240: 00e9 7a00 | 0000 488d | 4424 084c | 896d c049 | 8bff 4989 | af98 0200 | 0049 8987 | 8802 0000 
  0x00007ffb1500c260: f7c4 0f00 | 0000 0f84 | 1200 0000 | 4883 ec08 | e8db d660 | 0b48 83c4 | 08e9 0500 | 0000 e8cd 
  0x00007ffb1500c280: d660 0b49 | c787 8802 | 0000 0000 | 0000 49c7 | 8798 0200 | 0000 0000 | 0049 c787 | 9002 0000 
  0x00007ffb1500c2a0: 0000 0000 | 4981 7f08 | 0000 0000 | 0f84 0500 | 0000 e949 | 49ff ff4c | 8b6d c04c | 8b75 c8c3 
  0x00007ffb1500c2c0: 488b 5de8 | e990 feff | ff0f 1f80 | 0000 0000 | 0000 0000 | 0000 0000 | 0000 0000 | 0000 0000 
[/MachCode]

---------------  P R O C E S S  ---------------

Threads class SMR info:
_java_thread_list=0x00007ffb0c0125a0, length=32, elements={
0x00007ffb1812c5e0, 0x00007ffb1812dc30, 0x00007ffb18167d70, 0x00007ffb18169120,
0x00007ffb1815d9e0, 0x00007ffb1815ee90, 0x00007ffb181602c0, 0x00007ffb181ee240,
0x00007ffb18232650, 0x00007ffb185c2700, 0x00007ffb185cd5a0, 0x00007ffb185ff040,
0x00007ffae400d7b0, 0x00007ffaf0026b30, 0x00007ffb18e839a0, 0x00007ffb18ec2010,
0x00007ffb0c014580, 0x00007ffb18ec4c10, 0x00007ffb195a8c80, 0x00007ffb195a9400,
0x00007ffb195a9ff0, 0x00007ffb195aafa0, 0x00007ffb195ac070, 0x00007ffb195ad140,
0x00007ffb195ae660, 0x00007ffb195af9f0, 0x00007ffb195b0de0, 0x00007ffb195b21d0,
0x00007ffb195b53c0, 0x00007ffb195bb850, 0x00007ffb18026550, 0x00007ffad4005e60
}

Java Threads: ( => current thread )
  0x00007ffb1812c5e0 JavaThread "Reference Handler" daemon [_thread_blocked, id=15695, stack(0x00007ffb105fb000,0x00007ffb106fb000)]
  0x00007ffb1812dc30 JavaThread "Finalizer" daemon [_thread_blocked, id=15696, stack(0x00007ffb104fb000,0x00007ffb105fb000)]
  0x00007ffb18167d70 JavaThread "Signal Dispatcher" daemon [_thread_blocked, id=15701, stack(0x00007ffb10100000,0x00007ffb10200000)]
  0x00007ffb18169120 JavaThread "Service Thread" daemon [_thread_blocked, id=15702, stack(0x00007ffb10000000,0x00007ffb10100000)]
  0x00007ffb1815d9e0 JavaThread "Monitor Deflation Thread" daemon [_thread_blocked, id=15703, stack(0x00007ffafb700000,0x00007ffafb800000)]
  0x00007ffb1815ee90 JavaThread "C1 CompilerThread0" daemon [_thread_blocked, id=15704, stack(0x00007ffafb600000,0x00007ffafb700000)]
  0x00007ffb181602c0 JavaThread "Sweeper thread" daemon [_thread_blocked, id=15705, stack(0x00007ffafb500000,0x00007ffafb600000)]
  0x00007ffb181ee240 JavaThread "Common-Cleaner" daemon [_thread_blocked, id=15706, stack(0x00007ffafb400000,0x00007ffafb500000)]
  0x00007ffb18232650 JavaThread "Notification Thread" daemon [_thread_blocked, id=15707, stack(0x00007ffafb300000,0x00007ffafb400000)]
  0x00007ffb185c2700 JavaThread "RMI TCP Accept-0" daemon [_thread_in_native, id=15717, stack(0x00007ffafb0cd000,0x00007ffafb1cd000)]
  0x00007ffb185cd5a0 JavaThread "RMI TCP Accept-39393" daemon [_thread_in_native, id=15722, stack(0x00007ffafa700000,0x00007ffafa800000)]
  0x00007ffb185ff040 JavaThread "RMI TCP Accept-0" daemon [_thread_in_native, id=15723, stack(0x00007ffafa600000,0x00007ffafa700000)]
  0x00007ffae400d7b0 JavaThread "RMI Scheduler(0)" daemon [_thread_blocked, id=15729, stack(0x00007ffafa1fe000,0x00007ffafa2fe000)]
  0x00007ffaf0026b30 JavaThread "JMX server connection timeout 19" daemon [_thread_blocked, id=15730, stack(0x00007ffafa0fe000,0x00007ffafa1fe000)]
  0x00007ffb18e839a0 JavaThread "HikariPool-1 housekeeper" daemon [_thread_blocked, id=15823, stack(0x00007ffaf9700000,0x00007ffaf9800000)]
  0x00007ffb18ec2010 JavaThread "Catalina-utility-1" [_thread_blocked, id=15825, stack(0x00007ffaf9500000,0x00007ffaf9600000)]
  0x00007ffb0c014580 JavaThread "Catalina-utility-2" [_thread_blocked, id=15826, stack(0x00007ffaf9400000,0x00007ffaf9500000)]
  0x00007ffb18ec4c10 JavaThread "container-0" [_thread_blocked, id=15827, stack(0x00007ffaf8300000,0x00007ffaf8400000)]
  0x00007ffb195a8c80 JavaThread "http-nio-8080-exec-1" daemon [_thread_blocked, id=15929, stack(0x00007ffaf9600000,0x00007ffaf9700000)]
  0x00007ffb195a9400 JavaThread "http-nio-8080-exec-2" daemon [_thread_blocked, id=15930, stack(0x00007ffaf8200000,0x00007ffaf8300000)]
  0x00007ffb195a9ff0 JavaThread "http-nio-8080-exec-3" daemon [_thread_blocked, id=15931, stack(0x00007ffaf8100000,0x00007ffaf8200000)]
  0x00007ffb195aafa0 JavaThread "http-nio-8080-exec-4" daemon [_thread_blocked, id=15932, stack(0x00007ffaf8000000,0x00007ffaf8100000)]
  0x00007ffb195ac070 JavaThread "http-nio-8080-exec-5" daemon [_thread_blocked, id=15933, stack(0x00007ffad2f00000,0x00007ffad3000000)]
  0x00007ffb195ad140 JavaThread "http-nio-8080-exec-6" daemon [_thread_blocked, id=15934, stack(0x00007ffad2e00000,0x00007ffad2f00000)]
  0x00007ffb195ae660 JavaThread "http-nio-8080-exec-7" daemon [_thread_blocked, id=15935, stack(0x00007ffad2d00000,0x00007ffad2e00000)]
  0x00007ffb195af9f0 JavaThread "http-nio-8080-exec-8" daemon [_thread_blocked, id=15936, stack(0x00007ffad2c00000,0x00007ffad2d00000)]
  0x00007ffb195b0de0 JavaThread "http-nio-8080-exec-9" daemon [_thread_blocked, id=15937, stack(0x00007ffad2b00000,0x00007ffad2c00000)]
  0x00007ffb195b21d0 JavaThread "http-nio-8080-exec-10" daemon [_thread_blocked, id=15938, stack(0x00007ffad2a00000,0x00007ffad2b00000)]
  0x00007ffb195b53c0 JavaThread "http-nio-8080-Poller" daemon [_thread_in_native, id=15939, stack(0x00007ffad2900000,0x00007ffad2a00000)]
  0x00007ffb195bb850 JavaThread "http-nio-8080-Acceptor" daemon [_thread_in_native, id=15940, stack(0x00007ffad2800000,0x00007ffad2900000)]
  0x00007ffb18026550 JavaThread "DestroyJavaVM" [_thread_blocked, id=15684, stack(0x00007ffb1fc21000,0x00007ffb1fd21000)]
=>0x00007ffad4005e60 JavaThread "RMI TCP Connection(27)-127.0.0.1" daemon [_thread_in_Java, id=15946, stack(0x00007ffad2300000,0x00007ffad2400000)]

Other Threads:
  0x00007ffb180dd910 VMThread "VM Thread" [stack: 0x00007ffb106fd000,0x00007ffb107fd000] [id=15694]
  0x00007ffb18179f70 WatcherThread [stack: 0x00007ffafa500000,0x00007ffafa600000] [id=15724]
  0x00007ffb18061030 GCTaskThread "GC Thread#0" [stack: 0x00007ffb1c023000,0x00007ffb1c123000] [id=15685]
  0x00007ffaf40049d0 GCTaskThread "GC Thread#1" [stack: 0x00007ffafb1cf000,0x00007ffafb2cf000] [id=15712]
  0x00007ffb18069d00 ConcurrentGCThread "G1 Main Marker" [stack: 0x00007ffb12d88000,0x00007ffb12e88000] [id=15686]
  0x00007ffb1806ac60 ConcurrentGCThread "G1 Conc#0" [stack: 0x00007ffb12c86000,0x00007ffb12d86000] [id=15687]
  0x00007ffb1809c200 ConcurrentGCThread "G1 Refine#0" [stack: 0x00007ffb10982000,0x00007ffb10a82000] [id=15689]
  0x00007ffb1809d0f0 ConcurrentGCThread "G1 Service" [stack: 0x00007ffb10880000,0x00007ffb10980000] [id=15691]

Threads with active compile tasks:

VM state: not at safepoint (normal execution)

VM Mutex/Monitor currently owned by a thread: None

Heap address: 0x00000000c4800000, size: 952 MB, Compressed Oops mode: 32-bit

CDS archive(s) not mapped
Compressed class space mapped at: 0x0000000100000000-0x0000000140000000, reserved size: 1073741824
Narrow klass base: 0x0000000000000000, Narrow klass shift: 3, Narrow klass range: 0x140000000

GC Precious Log:
 CPUs: 2 total, 2 available
 Memory: 3802M
 Large Page Support: Disabled
 NUMA Support: Disabled
 Compressed Oops: Enabled (32-bit)
 Heap Region Size: 1M
 Heap Min Capacity: 8M
 Heap Initial Capacity: 60M
 Heap Max Capacity: 952M
 Pre-touch: Disabled
 Parallel Workers: 2
 Concurrent Workers: 1
 Concurrent Refinement Workers: 2
 Periodic GC: Disabled

Heap:
 garbage-first heap   total 57344K, used 29278K [0x00000000c4800000, 0x0000000100000000)
  region size 1024K, 7 young (7168K), 2 survivors (2048K)
 Metaspace       used 66116K, committed 66560K, reserved 1114112K
  class space    used 8948K, committed 9152K, reserved 1048576K

Heap Regions: E=young(eden), S=young(survivor), O=old, HS=humongous(starts), HC=humongous(continues), CS=collection set, F=free, OA=open archive, CA=closed archive, TAMS=top-at-mark-start (previous, next)
|   0|0x00000000c4800000, 0x00000000c4900000, 0x00000000c4900000|100%|HS|  |TAMS 0x00000000c4900000, 0x00000000c4800000| Complete 
|   1|0x00000000c4900000, 0x00000000c4a00000, 0x00000000c4a00000|100%| O|  |TAMS 0x00000000c4a00000, 0x00000000c4900000| Untracked 
|   2|0x00000000c4a00000, 0x00000000c4b00000, 0x00000000c4b00000|100%| O|  |TAMS 0x00000000c4b00000, 0x00000000c4a00000| Untracked 
|   3|0x00000000c4b00000, 0x00000000c4c00000, 0x00000000c4c00000|100%| O|  |TAMS 0x00000000c4c00000, 0x00000000c4b00000| Untracked 
|   4|0x00000000c4c00000, 0x00000000c4d00000, 0x00000000c4d00000|100%| O|  |TAMS 0x00000000c4d00000, 0x00000000c4c00000| Untracked 
|   5|0x00000000c4d00000, 0x00000000c4dfa000, 0x00000000c4e00000| 97%| O|  |TAMS 0x00000000c4dfa000, 0x00000000c4d00000| Untracked 
|   6|0x00000000c4e00000, 0x00000000c4f00000, 0x00000000c4f00000|100%| O|  |TAMS 0x00000000c4f00000, 0x00000000c4e00000| Untracked 
|   7|0x00000000c4f00000, 0x00000000c5000000, 0x00000000c5000000|100%| O|  |TAMS 0x00000000c5000000, 0x00000000c4f00000| Untracked 
|   8|0x00000000c5000000, 0x00000000c5100000, 0x00000000c5100000|100%| O|  |TAMS 0x00000000c5100000, 0x00000000c5000000| Untracked 
|   9|0x00000000c5100000, 0x00000000c5200000, 0x00000000c5200000|100%| O|  |TAMS 0x00000000c5200000, 0x00000000c5100000| Untracked 
|  10|0x00000000c5200000, 0x00000000c5300000, 0x00000000c5300000|100%| O|  |TAMS 0x00000000c5300000, 0x00000000c5200000| Untracked 
|  11|0x00000000c5300000, 0x00000000c5400000, 0x00000000c5400000|100%| O|  |TAMS 0x00000000c5300000, 0x00000000c5300000| Untracked 
|  12|0x00000000c5400000, 0x00000000c5500000, 0x00000000c5500000|100%| O|  |TAMS 0x00000000c5500000, 0x00000000c5400000| Untracked 
|  13|0x00000000c5500000, 0x00000000c5600000, 0x00000000c5600000|100%| O|  |TAMS 0x00000000c5600000, 0x00000000c5500000| Untracked 
|  14|0x00000000c5600000, 0x00000000c5700000, 0x00000000c5700000|100%| O|  |TAMS 0x00000000c5600000, 0x00000000c5600000| Untracked 
|  15|0x00000000c5700000, 0x00000000c5800000, 0x00000000c5800000|100%| O|  |TAMS 0x00000000c5800000, 0x00000000c5700000| Untracked 
|  16|0x00000000c5800000, 0x00000000c5900000, 0x00000000c5900000|100%| O|  |TAMS 0x00000000c5900000, 0x00000000c5800000| Untracked 
|  17|0x00000000c5900000, 0x00000000c5a00000, 0x00000000c5a00000|100%| O|  |TAMS 0x00000000c59dd800, 0x00000000c5900000| Untracked 
|  18|0x00000000c5a00000, 0x00000000c5b00000, 0x00000000c5b00000|100%| O|  |TAMS 0x00000000c5a00000, 0x00000000c5a00000| Untracked 
|  19|0x00000000c5b00000, 0x00000000c5c00000, 0x00000000c5c00000|100%| O|  |TAMS 0x00000000c5b00000, 0x00000000c5b00000| Untracked 
|  20|0x00000000c5c00000, 0x00000000c5d00000, 0x00000000c5d00000|100%| O|  |TAMS 0x00000000c5c00000, 0x00000000c5c00000| Untracked 
|  21|0x00000000c5d00000, 0x00000000c5e00000, 0x00000000c5e00000|100%| O|  |TAMS 0x00000000c5d00000, 0x00000000c5d00000| Untracked 
|  22|0x00000000c5e00000, 0x00000000c5eb4200, 0x00000000c5f00000| 70%| O|  |TAMS 0x00000000c5e00000, 0x00000000c5e00000| Untracked 
|  23|0x00000000c5f00000, 0x00000000c5f00000, 0x00000000c6000000|  0%| F|  |TAMS 0x00000000c5f00000, 0x00000000c5f00000| Untracked 
|  24|0x00000000c6000000, 0x00000000c6000000, 0x00000000c6100000|  0%| F|  |TAMS 0x00000000c6000000, 0x00000000c6000000| Untracked 
|  25|0x00000000c6100000, 0x00000000c6100000, 0x00000000c6200000|  0%| F|  |TAMS 0x00000000c6100000, 0x00000000c6100000| Untracked 
|  26|0x00000000c6200000, 0x00000000c6200000, 0x00000000c6300000|  0%| F|  |TAMS 0x00000000c6200000, 0x00000000c6200000| Untracked 
|  27|0x00000000c6300000, 0x00000000c6300000, 0x00000000c6400000|  0%| F|  |TAMS 0x00000000c6300000, 0x00000000c6300000| Untracked 
|  28|0x00000000c6400000, 0x00000000c6400000, 0x00000000c6500000|  0%| F|  |TAMS 0x00000000c6400000, 0x00000000c6400000| Untracked 
|  29|0x00000000c6500000, 0x00000000c6500000, 0x00000000c6600000|  0%| F|  |TAMS 0x00000000c6500000, 0x00000000c6500000| Untracked 
|  30|0x00000000c6600000, 0x00000000c6600000, 0x00000000c6700000|  0%| F|  |TAMS 0x00000000c6600000, 0x00000000c6600000| Untracked 
|  31|0x00000000c6700000, 0x00000000c67e99a8, 0x00000000c6800000| 91%| S|CS|TAMS 0x00000000c6700000, 0x00000000c6700000| Complete 
|  32|0x00000000c6800000, 0x00000000c6800000, 0x00000000c6900000|  0%| F|  |TAMS 0x00000000c6800000, 0x00000000c6800000| Untracked 
|  33|0x00000000c6900000, 0x00000000c6900000, 0x00000000c6a00000|  0%| F|  |TAMS 0x00000000c6900000, 0x00000000c6900000| Untracked 
|  34|0x00000000c6a00000, 0x00000000c6b00000, 0x00000000c6b00000|100%| S|CS|TAMS 0x00000000c6a00000, 0x00000000c6a00000| Complete 
|  35|0x00000000c6b00000, 0x00000000c6b00000, 0x00000000c6c00000|  0%| F|  |TAMS 0x00000000c6b00000, 0x00000000c6b00000| Untracked 
|  36|0x00000000c6c00000, 0x00000000c6c00000, 0x00000000c6d00000|  0%| F|  |TAMS 0x00000000c6c00000, 0x00000000c6c00000| Untracked 
|  37|0x00000000c6d00000, 0x00000000c6d00000, 0x00000000c6e00000|  0%| F|  |TAMS 0x00000000c6d00000, 0x00000000c6d00000| Untracked 
|  38|0x00000000c6e00000, 0x00000000c6e00000, 0x00000000c6f00000|  0%| F|  |TAMS 0x00000000c6e00000, 0x00000000c6e00000| Untracked 
|  39|0x00000000c6f00000, 0x00000000c6f00000, 0x00000000c7000000|  0%| F|  |TAMS 0x00000000c6f00000, 0x00000000c6f00000| Untracked 
|  40|0x00000000c7000000, 0x00000000c7000000, 0x00000000c7100000|  0%| F|  |TAMS 0x00000000c7000000, 0x00000000c7000000| Untracked 
|  41|0x00000000c7100000, 0x00000000c7100000, 0x00000000c7200000|  0%| F|  |TAMS 0x00000000c7100000, 0x00000000c7100000| Untracked 
|  42|0x00000000c7200000, 0x00000000c7200000, 0x00000000c7300000|  0%| F|  |TAMS 0x00000000c7200000, 0x00000000c7200000| Untracked 
|  43|0x00000000c7300000, 0x00000000c7300000, 0x00000000c7400000|  0%| F|  |TAMS 0x00000000c7300000, 0x00000000c7300000| Untracked 
|  44|0x00000000c7400000, 0x00000000c7400000, 0x00000000c7500000|  0%| F|  |TAMS 0x00000000c7400000, 0x00000000c7400000| Untracked 
|  45|0x00000000c7500000, 0x00000000c7500000, 0x00000000c7600000|  0%| F|  |TAMS 0x00000000c7500000, 0x00000000c7500000| Untracked 
|  46|0x00000000c7600000, 0x00000000c7600000, 0x00000000c7700000|  0%| F|  |TAMS 0x00000000c7600000, 0x00000000c7600000| Untracked 
|  47|0x00000000c7700000, 0x00000000c7700000, 0x00000000c7800000|  0%| F|  |TAMS 0x00000000c7700000, 0x00000000c7700000| Untracked 
|  48|0x00000000c7800000, 0x00000000c7800000, 0x00000000c7900000|  0%| F|  |TAMS 0x00000000c7800000, 0x00000000c7800000| Untracked 
|  49|0x00000000c7900000, 0x00000000c7900000, 0x00000000c7a00000|  0%| F|  |TAMS 0x00000000c7900000, 0x00000000c7900000| Untracked 
|  50|0x00000000c7a00000, 0x00000000c7a00000, 0x00000000c7b00000|  0%| F|  |TAMS 0x00000000c7a00000, 0x00000000c7a00000| Untracked 
|  51|0x00000000c7b00000, 0x00000000c7b84ad8, 0x00000000c7c00000| 51%| E|  |TAMS 0x00000000c7b00000, 0x00000000c7b00000| Complete 
|  52|0x00000000c7c00000, 0x00000000c7d00000, 0x00000000c7d00000|100%| E|CS|TAMS 0x00000000c7c00000, 0x00000000c7c00000| Complete 
|  53|0x00000000c7d00000, 0x00000000c7e00000, 0x00000000c7e00000|100%| E|CS|TAMS 0x00000000c7d00000, 0x00000000c7d00000| Complete 
|  58|0x00000000c8200000, 0x00000000c8300000, 0x00000000c8300000|100%| E|CS|TAMS 0x00000000c8200000, 0x00000000c8200000| Complete 
|  59|0x00000000c8300000, 0x00000000c8400000, 0x00000000c8400000|100%| E|CS|TAMS 0x00000000c8300000, 0x00000000c8300000| Complete 

Card table byte_map: [0x00007ffb14e24000,0x00007ffb15000000] _byte_map_base: 0x00007ffb14800000

Marking Bits (Prev, Next): (CMBitMap*) 0x00007ffb18061af0, (CMBitMap*) 0x00007ffb18061ab0
 Prev Bits: [0x00007ffb12e88000, 0x00007ffb13d68000)
 Next Bits: [0x00007ffb13d68000, 0x00007ffb14c48000)

Polling page: 0x00007ffb21485000

Metaspace:

Usage:
  Non-class:     55,83 MB used.
      Class:      8,74 MB used.
       Both:     64,57 MB used.

Virtual space:
  Non-class space:       64,00 MB reserved,      56,06 MB ( 88%) committed,  8 nodes.
      Class space:        1,00 GB reserved,       8,94 MB ( <1%) committed,  1 nodes.
             Both:        1,06 GB reserved,      65,00 MB (  6%) committed. 

Chunk freelists:
   Non-Class:  3,83 MB
       Class:  3,06 MB
        Both:  6,89 MB

MaxMetaspaceSize: unlimited
CompressedClassSpaceSize: 1,00 GB
Initial GC threshold: 21,00 MB
Current GC threshold: 78,88 MB
CDS: off
MetaspaceReclaimPolicy: balanced
 - commit_granule_bytes: 65536.
 - commit_granule_words: 8192.
 - virtual_space_node_default_size: 1048576.
 - enlarge_chunks_in_place: 1.
 - new_chunks_are_fully_committed: 0.
 - uncommit_free_chunks: 1.
 - use_allocation_guard: 0.
 - handle_deallocations: 1.


Internal statistics:

num_allocs_failed_limit: 9.
num_arena_births: 548.
num_arena_deaths: 0.
num_vsnodes_births: 9.
num_vsnodes_deaths: 0.
num_space_committed: 1040.
num_space_uncommitted: 0.
num_chunks_returned_to_freelist: 9.
num_chunks_taken_from_freelist: 2648.
num_chunk_merges: 6.
num_chunk_splits: 1876.
num_chunks_enlarged: 1472.
num_purges: 0.
num_inconsistent_stats: 0.

CodeCache: size=49152Kb used=8735Kb max_used=8735Kb free=40416Kb
 bounds [0x00007ffb15000000, 0x00007ffb15890000, 0x00007ffb18000000]
 total_blobs=5434 nmethods=4811 adapters=552
 compilation: enabled
              stopped_count=0, restarted_count=0
 full_count=0

Compilation events (20 events):
Event: 624,838 Thread 0x00007ffb1815ee90 4845       1       java.util.concurrent.atomic.AtomicIntegerFieldUpdater$AtomicIntegerFieldUpdaterImpl::accessCheck (17 bytes)
Event: 624,838 Thread 0x00007ffb1815ee90 nmethod 4845 0x00007ffb15885410 code [0x00007ffb158855c0, 0x00007ffb158856c0]
Event: 647,417 Thread 0x00007ffb1815ee90 4846       1       java.io.ObjectStreamClass$FieldReflectorKey::equals (37 bytes)
Event: 647,418 Thread 0x00007ffb1815ee90 nmethod 4846 0x00007ffb15885790 code [0x00007ffb15885940, 0x00007ffb15885ac0]
Event: 654,838 Thread 0x00007ffb1815ee90 4847       1       com.zaxxer.hikari.pool.PoolEntry::getState (8 bytes)
Event: 654,839 Thread 0x00007ffb1815ee90 nmethod 4847 0x00007ffb15885b90 code [0x00007ffb15885d40, 0x00007ffb15885e80]
Event: 654,840 Thread 0x00007ffb1815ee90 4848       1       java.util.concurrent.atomic.AtomicIntegerFieldUpdater$AtomicIntegerFieldUpdaterImpl::get (17 bytes)
Event: 654,842 Thread 0x00007ffb1815ee90 nmethod 4848 0x00007ffb15885f90 code [0x00007ffb15886140, 0x00007ffb15886260]
Event: 665,453 Thread 0x00007ffb1815ee90 4849       1       org.apache.catalina.core.StandardWrapper::getServlet (5 bytes)
Event: 665,453 Thread 0x00007ffb1815ee90 nmethod 4849 0x00007ffb15886310 code [0x00007ffb158864a0, 0x00007ffb15886570]
Event: 775,459 Thread 0x00007ffb1815ee90 4850       1       java.util.concurrent.ConcurrentHashMap$CollectionView::size (8 bytes)
Event: 775,460 Thread 0x00007ffb1815ee90 nmethod 4850 0x00007ffb15886610 code [0x00007ffb158867c0, 0x00007ffb15886920]
Event: 795,460 Thread 0x00007ffb1815ee90 4851       1       java.util.Collections$ReverseComparator2::compare (12 bytes)
Event: 795,460 Thread 0x00007ffb1815ee90 nmethod 4851 0x00007ffb15886a10 code [0x00007ffb15886bc0, 0x00007ffb15886ca0]
Event: 805,464 Thread 0x00007ffb1815ee90 4852       1       java.util.Comparator$$Lambda$730/0x00000001003a5e00::compare (10 bytes)
Event: 805,465 Thread 0x00007ffb1815ee90 nmethod 4852 0x00007ffb15886d10 code [0x00007ffb15886ec0, 0x00007ffb15887090]
Event: 805,465 Thread 0x00007ffb1815ee90 4853       1       java.util.Comparator::lambda$comparingLong$6043328a$1 (18 bytes)
Event: 805,466 Thread 0x00007ffb1815ee90 nmethod 4853 0x00007ffb15887190 code [0x00007ffb15887340, 0x00007ffb158874d0]
Event: 855,465 Thread 0x00007ffb1815ee90 4854   !   1       org.apache.catalina.core.StandardContext::getLoader (38 bytes)
Event: 855,466 Thread 0x00007ffb1815ee90 nmethod 4854 0x00007ffb15887590 code [0x00007ffb15887780, 0x00007ffb15887a50]

GC Heap History (20 events):
Event: 20,753 GC heap before
{Heap before GC invocations=9 (full 0):
 garbage-first heap   total 47104K, used 33753K [0x00000000c4800000, 0x0000000100000000)
  region size 1024K, 24 young (24576K), 3 survivors (3072K)
 Metaspace       used 33723K, committed 34048K, reserved 1081344K
  class space    used 4316K, committed 4480K, reserved 1048576K
}
Event: 20,808 GC heap after
{Heap after GC invocations=10 (full 0):
 garbage-first heap   total 47104K, used 14585K [0x00000000c4800000, 0x0000000100000000)
  region size 1024K, 3 young (3072K), 3 survivors (3072K)
 Metaspace       used 33723K, committed 34048K, reserved 1081344K
  class space    used 4316K, committed 4480K, reserved 1048576K
}
Event: 23,399 GC heap before
{Heap before GC invocations=10 (full 0):
 garbage-first heap   total 47104K, used 28921K [0x00000000c4800000, 0x0000000100000000)
  region size 1024K, 18 young (18432K), 3 survivors (3072K)
 Metaspace       used 35961K, committed 36288K, reserved 1081344K
  class space    used 4563K, committed 4736K, reserved 1048576K
}
Event: 23,434 GC heap after
{Heap after GC invocations=11 (full 0):
 garbage-first heap   total 47104K, used 16047K [0x00000000c4800000, 0x0000000100000000)
  region size 1024K, 2 young (2048K), 2 survivors (2048K)
 Metaspace       used 35961K, committed 36288K, reserved 1081344K
  class space    used 4563K, committed 4736K, reserved 1048576K
}
Event: 25,710 GC heap before
{Heap before GC invocations=12 (full 0):
 garbage-first heap   total 47104K, used 34479K [0x00000000c4800000, 0x0000000100000000)
  region size 1024K, 20 young (20480K), 2 survivors (2048K)
 Metaspace       used 40843K, committed 41216K, reserved 1089536K
  class space    used 5134K, committed 5312K, reserved 1048576K
}
Event: 25,742 GC heap after
{Heap after GC invocations=13 (full 0):
 garbage-first heap   total 47104K, used 17356K [0x00000000c4800000, 0x0000000100000000)
  region size 1024K, 3 young (3072K), 3 survivors (3072K)
 Metaspace       used 40843K, committed 41216K, reserved 1089536K
  class space    used 5134K, committed 5312K, reserved 1048576K
}
Event: 25,920 GC heap before
{Heap before GC invocations=13 (full 0):
 garbage-first heap   total 47104K, used 18380K [0x00000000c4800000, 0x0000000100000000)
  region size 1024K, 4 young (4096K), 3 survivors (3072K)
 Metaspace       used 41169K, committed 41536K, reserved 1089536K
  class space    used 5177K, committed 5376K, reserved 1048576K
}
Event: 25,991 GC heap after
{Heap after GC invocations=14 (full 0):
 garbage-first heap   total 57344K, used 17687K [0x00000000c4800000, 0x0000000100000000)
  region size 1024K, 1 young (1024K), 1 survivors (1024K)
 Metaspace       used 41169K, committed 41536K, reserved 1089536K
  class space    used 5177K, committed 5376K, reserved 1048576K
}
Event: 30,257 GC heap before
{Heap before GC invocations=14 (full 0):
 garbage-first heap   total 57344K, used 41239K [0x00000000c4800000, 0x0000000100000000)
  region size 1024K, 25 young (25600K), 1 survivors (1024K)
 Metaspace       used 47715K, committed 48064K, reserved 1097728K
  class space    used 6324K, committed 6464K, reserved 1048576K
}
Event: 30,268 GC heap after
{Heap after GC invocations=15 (full 0):
 garbage-first heap   total 57344K, used 18568K [0x00000000c4800000, 0x0000000100000000)
  region size 1024K, 2 young (2048K), 2 survivors (2048K)
 Metaspace       used 47715K, committed 48064K, reserved 1097728K
  class space    used 6324K, committed 6464K, reserved 1048576K
}
Event: 34,896 GC heap before
{Heap before GC invocations=16 (full 0):
 garbage-first heap   total 57344K, used 42120K [0x00000000c4800000, 0x0000000100000000)
  region size 1024K, 26 young (26624K), 2 survivors (2048K)
 Metaspace       used 54201K, committed 54656K, reserved 1097728K
  class space    used 7354K, committed 7552K, reserved 1048576K
}
Event: 34,916 GC heap after
{Heap after GC invocations=17 (full 0):
 garbage-first heap   total 57344K, used 19661K [0x00000000c4800000, 0x0000000100000000)
  region size 1024K, 3 young (3072K), 3 survivors (3072K)
 Metaspace       used 54201K, committed 54656K, reserved 1097728K
  class space    used 7354K, committed 7552K, reserved 1048576K
}
Event: 35,019 GC heap before
{Heap before GC invocations=17 (full 0):
 garbage-first heap   total 57344K, used 19661K [0x00000000c4800000, 0x0000000100000000)
  region size 1024K, 4 young (4096K), 3 survivors (3072K)
 Metaspace       used 54451K, committed 54912K, reserved 1097728K
  class space    used 7395K, committed 7616K, reserved 1048576K
}
Event: 35,069 GC heap after
{Heap after GC invocations=18 (full 0):
 garbage-first heap   total 57344K, used 19858K [0x00000000c4800000, 0x0000000100000000)
  region size 1024K, 1 young (1024K), 1 survivors (1024K)
 Metaspace       used 54451K, committed 54912K, reserved 1097728K
  class space    used 7395K, committed 7616K, reserved 1048576K
}
Event: 40,234 GC heap before
{Heap before GC invocations=18 (full 0):
 garbage-first heap   total 57344K, used 42386K [0x00000000c4800000, 0x0000000100000000)
  region size 1024K, 24 young (24576K), 1 survivors (1024K)
 Metaspace       used 57624K, committed 58048K, reserved 1105920K
  class space    used 7848K, committed 8064K, reserved 1048576K
}
Event: 40,281 GC heap after
{Heap after GC invocations=19 (full 0):
 garbage-first heap   total 57344K, used 21295K [0x00000000c4800000, 0x0000000100000000)
  region size 1024K, 2 young (2048K), 2 survivors (2048K)
 Metaspace       used 57624K, committed 58048K, reserved 1105920K
  class space    used 7848K, committed 8064K, reserved 1048576K
}
Event: 46,374 GC heap before
{Heap before GC invocations=19 (full 0):
 garbage-first heap   total 57344K, used 43823K [0x00000000c4800000, 0x0000000100000000)
  region size 1024K, 24 young (24576K), 2 survivors (2048K)
 Metaspace       used 60461K, committed 60864K, reserved 1105920K
  class space    used 8264K, committed 8448K, reserved 1048576K
}
Event: 46,408 GC heap after
{Heap after GC invocations=20 (full 0):
 garbage-first heap   total 57344K, used 23304K [0x00000000c4800000, 0x0000000100000000)
  region size 1024K, 2 young (2048K), 2 survivors (2048K)
 Metaspace       used 60461K, committed 60864K, reserved 1105920K
  class space    used 8264K, committed 8448K, reserved 1048576K
}
Event: 83,029 GC heap before
{Heap before GC invocations=20 (full 0):
 garbage-first heap   total 57344K, used 43784K [0x00000000c4800000, 0x0000000100000000)
  region size 1024K, 23 young (23552K), 2 survivors (2048K)
 Metaspace       used 65133K, committed 65664K, reserved 1105920K
  class space    used 8830K, committed 9088K, reserved 1048576K
}
Event: 83,065 GC heap after
{Heap after GC invocations=21 (full 0):
 garbage-first heap   total 57344K, used 25182K [0x00000000c4800000, 0x0000000100000000)
  region size 1024K, 2 young (2048K), 2 survivors (2048K)
 Metaspace       used 65133K, committed 65664K, reserved 1105920K
  class space    used 8830K, committed 9088K, reserved 1048576K
}

Deoptimization events (8 events):
Event: 9,080 Thread 0x00007ffb18026550 DEOPT PACKING pc=0x00007ffb1539e7f9 sp=0x00007ffb1fd1d8c0
Event: 9,080 Thread 0x00007ffb18026550 DEOPT UNPACKING pc=0x00007ffb15052810 sp=0x00007ffb1fd1cdc0 mode 3
Event: 16,212 Thread 0x00007ffb18026550 DEOPT PACKING pc=0x00007ffb154556a4 sp=0x00007ffb1fd1e130
Event: 16,212 Thread 0x00007ffb18026550 DEOPT UNPACKING pc=0x00007ffb15052810 sp=0x00007ffb1fd1d6a8 mode 0
Event: 25,220 Thread 0x00007ffb18026550 DEOPT PACKING pc=0x00007ffb15616615 sp=0x00007ffb1fd1cdc0
Event: 25,220 Thread 0x00007ffb18026550 DEOPT UNPACKING pc=0x00007ffb15052810 sp=0x00007ffb1fd1c348 mode 3
Event: 42,394 Thread 0x00007ffb18026550 DEOPT PACKING pc=0x00007ffb153ed750 sp=0x00007ffb1fd1ad40
Event: 42,394 Thread 0x00007ffb18026550 DEOPT UNPACKING pc=0x00007ffb15052810 sp=0x00007ffb1fd1a278 mode 3

Classes unloaded (0 events):
No events

Classes redefined (0 events):
No events

Internal exceptions (20 events):
Event: 41,284 Thread 0x00007ffb18026550 Exception <a 'java/lang/ClassNotFoundException'{0x00000000c78cf118}: java/lang/ObjectCustomizer> (0x00000000c78cf118) 
thrown [src/hotspot/share/classfile/systemDictionary.cpp, line 256]
Event: 41,285 Thread 0x00007ffb18026550 Exception <a 'java/lang/ClassNotFoundException'{0x00000000c78d7928}: org/springframework/web/servlet/config/annotation/WebMvcConfigurationSupportCustomizer> (0x00000000c78d7928) 
thrown [src/hotspot/share/classfile/systemDictionary.cpp, line 256]
Event: 41,286 Thread 0x00007ffb18026550 Exception <a 'java/lang/ClassNotFoundException'{0x00000000c78ec5d8}: org/springframework/web/servlet/config/annotation/DelegatingWebMvcConfigurationCustomizer> (0x00000000c78ec5d8) 
thrown [src/hotspot/share/classfile/systemDictionary.cpp, line 256]
Event: 41,287 Thread 0x00007ffb18026550 Exception <a 'java/lang/ClassNotFoundException'{0x00000000c78f64f8}: org/springframework/boot/autoconfigure/web/servlet/WebMvcAutoConfiguration$EnableWebMvcConfigurationCustomizer> (0x00000000c78f64f8) 
thrown [src/hotspot/share/classfile/systemDictionary.cpp, line 256]
Event: 41,289 Thread 0x00007ffb18026550 Exception <a 'java/lang/ClassNotFoundException'{0x00000000c7708f28}: org/springframework/context/ResourceLoaderAwareCustomizer> (0x00000000c7708f28) 
thrown [src/hotspot/share/classfile/systemDictionary.cpp, line 256]
Event: 41,289 Thread 0x00007ffb18026550 Exception <a 'java/lang/ClassNotFoundException'{0x00000000c770e5f0}: org/springframework/beans/factory/AwareCustomizer> (0x00000000c770e5f0) 
thrown [src/hotspot/share/classfile/systemDictionary.cpp, line 256]
Event: 41,290 Thread 0x00007ffb18026550 Exception <a 'java/lang/ClassNotFoundException'{0x00000000c77132e8}: org/springframework/context/ApplicationContextAwareCustomizer> (0x00000000c77132e8) 
thrown [src/hotspot/share/classfile/systemDictionary.cpp, line 256]
Event: 41,291 Thread 0x00007ffb18026550 Exception <a 'java/lang/ClassNotFoundException'{0x00000000c77194a0}: org/springframework/beans/factory/AwareCustomizer> (0x00000000c77194a0) 
thrown [src/hotspot/share/classfile/systemDictionary.cpp, line 256]
Event: 41,291 Thread 0x00007ffb18026550 Exception <a 'java/lang/ClassNotFoundException'{0x00000000c771e170}: org/springframework/web/context/ServletContextAwareCustomizer> (0x00000000c771e170) 
thrown [src/hotspot/share/classfile/systemDictionary.cpp, line 256]
Event: 41,292 Thread 0x00007ffb18026550 Exception <a 'java/lang/ClassNotFoundException'{0x00000000c7723c70}: org/springframework/beans/factory/AwareCustomizer> (0x00000000c7723c70) 
thrown [src/hotspot/share/classfile/systemDictionary.cpp, line 256]
Event: 42,673 Thread 0x00007ffb18026550 Exception <a 'java/lang/NoSuchMethodError'{0x00000000c7086e88}: 'void java.lang.invoke.DirectMethodHandle$Holder.invokeVirtual(java.lang.Object, java.lang.Object, int)'> (0x00000000c7086e88) 
thrown [src/hotspot/share/interpreter/linkResolver.cpp, line 758]
Event: 42,682 Thread 0x00007ffb18026550 Exception <a 'java/lang/NoSuchMethodError'{0x00000000c70a1a30}: 'void java.lang.invoke.DirectMethodHandle$Holder.invokeVirtual(java.lang.Object, java.lang.Object, long)'> (0x00000000c70a1a30) 
thrown [src/hotspot/share/interpreter/linkResolver.cpp, line 758]
Event: 46,253 Thread 0x00007ffb18026550 Exception <a 'java/lang/IncompatibleClassChangeError'{0x00000000c6bce3d0}: Found class java.lang.Object, but interface was expected> (0x00000000c6bce3d0) 
thrown [src/hotspot/share/interpreter/linkResolver.cpp, line 826]
Event: 46,470 Thread 0x00007ffb18026550 Exception <a 'java/lang/NoSuchMethodError'{0x00000000c836ab18}: 'int java.lang.invoke.DirectMethodHandle$Holder.invokeStaticInit(java.lang.Object, java.lang.Object, java.lang.Object, java.lang.Object)'> (0x00000000c836ab18) 
thrown [src/hotspot/share/interpreter/linkResolver.cpp, line 758]
Event: 46,936 Thread 0x00007ffb18026550 Exception <a 'java/lang/NoSuchMethodError'{0x00000000c7aee220}: 'java.lang.Object java.lang.invoke.DirectMethodHandle$Holder.invokeSpecial(java.lang.Object, java.lang.Object, int, java.lang.Object, int, java.lang.Object)'> (0x00000000c7aee220) 
thrown [src/hotspot/share/interpreter/linkResolver.cpp, line 758]
Event: 46,937 Thread 0x00007ffb18026550 Exception <a 'java/lang/NoSuchMethodError'{0x00000000c7af6020}: 'java.lang.Object java.lang.invoke.DirectMethodHandle$Holder.newInvokeSpecial(java.lang.Object, java.lang.Object, int, java.lang.Object, int)'> (0x00000000c7af6020) 
thrown [src/hotspot/share/interpreter/linkResolver.cpp, line 758]
Event: 46,938 Thread 0x00007ffb18026550 Exception <a 'java/lang/NoSuchMethodError'{0x00000000c7afa120}: 'java.lang.Object java.lang.invoke.DirectMethodHandle$Holder.invokeSpecial(java.lang.Object, java.lang.Object, java.lang.Object, int, java.lang.Object, int)'> (0x00000000c7afa120) 
thrown [src/hotspot/share/interpreter/linkResolver.cpp, line 758]
Event: 46,943 Thread 0x00007ffb18026550 Exception <a 'java/lang/NoSuchMethodError'{0x00000000c7904580}: 'void java.lang.invoke.DirectMethodHandle$Holder.invokeVirtual(java.lang.Object, java.lang.Object)'> (0x00000000c7904580) 
thrown [src/hotspot/share/interpreter/linkResolver.cpp, line 758]
Event: 82,818 Thread 0x00007ffb195a9400 Exception <a 'java/lang/NoSuchMethodError'{0x00000000c6c8b210}: 'java.lang.Object java.lang.invoke.DirectMethodHandle$Holder.invokeInterface(java.lang.Object, java.lang.Object, java.lang.Object, java.lang.Object)'> (0x00000000c6c8b210) 
thrown [src/hotspot/share/interpreter/linkResolver.cpp, line 758]
Event: 83,100 Thread 0x00007ffb195a9400 Exception <a 'java/lang/NoSuchMethodError'{0x00000000c8316ca0}: 'java.lang.Object java.lang.invoke.DirectMethodHandle$Holder.invokeStaticInit(java.lang.Object, java.lang.Object, java.lang.Object, java.lang.Object, java.lang.Object, java.lang.Object)'> (0x00000000c8316ca0) 
thrown [src/hotspot/share/interpreter/linkResolver.cpp, line 758]

VM Operations (20 events):
Event: 244,202 Executing VM operation: Cleanup
Event: 244,202 Executing VM operation: Cleanup done
Event: 245,202 Executing VM operation: Cleanup
Event: 245,202 Executing VM operation: Cleanup done
Event: 260,209 Executing VM operation: Cleanup
Event: 260,210 Executing VM operation: Cleanup done
Event: 341,246 Executing VM operation: Cleanup
Event: 341,246 Executing VM operation: Cleanup done
Event: 346,247 Executing VM operation: Cleanup
Event: 346,248 Executing VM operation: Cleanup done
Event: 365,250 Executing VM operation: Cleanup
Event: 365,251 Executing VM operation: Cleanup done
Event: 425,281 Executing VM operation: Cleanup
Event: 425,282 Executing VM operation: Cleanup done
Event: 556,321 Executing VM operation: Cleanup
Event: 556,329 Executing VM operation: Cleanup done
Event: 806,461 Executing VM operation: Cleanup
Event: 806,463 Executing VM operation: Cleanup done
Event: 815,464 Executing VM operation: Cleanup
Event: 815,464 Executing VM operation: Cleanup done

Events (20 events):
Event: 83,221 loading class java/util/OptionalLong done
Event: 83,221 loading class java/util/OptionalDouble
Event: 83,224 loading class java/util/OptionalDouble done
Event: 83,378 loading class java/util/stream/LongStream
Event: 83,379 loading class java/util/stream/LongStream done
Event: 83,379 loading class java/util/stream/DoubleStream
Event: 83,380 loading class java/util/stream/DoubleStream done
Event: 83,471 loading class org/w3c/dom/Document
Event: 83,471 loading class org/w3c/dom/Document done
Event: 83,556 loading class sun/nio/cs/ISO_8859_1$Encoder
Event: 83,560 loading class sun/nio/cs/ISO_8859_1$Encoder done
Event: 83,561 loading class sun/nio/cs/Surrogate$Parser
Event: 83,561 loading class sun/nio/cs/Surrogate$Parser done
Event: 83,561 loading class sun/nio/cs/Surrogate
Event: 83,561 loading class sun/nio/cs/Surrogate done
Event: 124,086 Thread 0x00007ffad4004940 Thread exited: 0x00007ffad4004940
Event: 124,087 Thread 0x00007ffad4002100 Thread exited: 0x00007ffad4002100
Event: 124,087 Thread 0x00007ffad4003820 Thread exited: 0x00007ffad4003820
Event: 137,245 Thread 0x00007ffae02501d0 Thread exited: 0x00007ffae02501d0
Event: 137,250 Thread 0x00007ffae028d1a0 Thread exited: 0x00007ffae028d1a0


Dynamic libraries:
c4800000-c7e00000 rw-p 00000000 00:00 0 
c7e00000-c8200000 ---p 00000000 00:00 0 
c8200000-c8400000 rw-p 00000000 00:00 0 
c8400000-100000000 ---p 00000000 00:00 0 
100000000-100020000 rw-p 00000000 00:00 0 
100020000-100040000 rw-p 00000000 00:00 0 
100040000-1000c0000 rw-p 00000000 00:00 0 
1000c0000-1000e0000 rw-p 00000000 00:00 0 
1000e0000-100140000 rw-p 00000000 00:00 0 
100140000-100160000 rw-p 00000000 00:00 0 
100160000-1001c0000 rw-p 00000000 00:00 0 
1001c0000-100200000 rw-p 00000000 00:00 0 
100200000-1003c0000 rw-p 00000000 00:00 0 
1003c0000-1008f0000 rw-p 00000000 00:00 0 
1008f0000-140000000 ---p 00000000 00:00 0 
55c212e94000-55c212e95000 r--p 00000000 08:01 3932387                    /opt/sts-4.16.1.RELEASE/plugins/org.eclipse.justj.openjdk.hotspot.jre.full.linux.x86_64_17.0.4.v20221004-1257/jre/bin/java
55c212e95000-55c212e96000 r-xp 00001000 08:01 3932387                    /opt/sts-4.16.1.RELEASE/plugins/org.eclipse.justj.openjdk.hotspot.jre.full.linux.x86_64_17.0.4.v20221004-1257/jre/bin/java
55c212e96000-55c212e97000 r--p 00002000 08:01 3932387                    /opt/sts-4.16.1.RELEASE/plugins/org.eclipse.justj.openjdk.hotspot.jre.full.linux.x86_64_17.0.4.v20221004-1257/jre/bin/java
55c212e97000-55c212e98000 r--p 00002000 08:01 3932387                    /opt/sts-4.16.1.RELEASE/plugins/org.eclipse.justj.openjdk.hotspot.jre.full.linux.x86_64_17.0.4.v20221004-1257/jre/bin/java
55c212e98000-55c212e99000 rw-p 00003000 08:01 3932387                    /opt/sts-4.16.1.RELEASE/plugins/org.eclipse.justj.openjdk.hotspot.jre.full.linux.x86_64_17.0.4.v20221004-1257/jre/bin/java
55c2138a8000-55c2138c9000 rw-p 00000000 00:00 0                          [heap]
7ffad1800000-7ffad1830000 rw-p 00000000 00:00 0 
7ffad1830000-7ffad2004000 ---p 00000000 00:00 0 
7ffad2004000-7ffad2100000 rw-p 00000000 00:00 0 
7ffad2100000-7ffad2104000 ---p 00000000 00:00 0 
7ffad2104000-7ffad2200000 rw-p 00000000 00:00 0 
7ffad2200000-7ffad2204000 ---p 00000000 00:00 0 
7ffad2204000-7ffad2300000 rw-p 00000000 00:00 0 
7ffad2300000-7ffad2304000 ---p 00000000 00:00 0 
7ffad2304000-7ffad2400000 rw-p 00000000 00:00 0 
7ffad2400000-7ffad2404000 ---p 00000000 00:00 0 
7ffad2404000-7ffad2500000 rw-p 00000000 00:00 0 
7ffad2500000-7ffad2504000 ---p 00000000 00:00 0 
7ffad2504000-7ffad2600000 rw-p 00000000 00:00 0 
7ffad2600000-7ffad2604000 ---p 00000000 00:00 0 
7ffad2604000-7ffad2700000 rw-p 00000000 00:00 0 
7ffad2700000-7ffad2704000 ---p 00000000 00:00 0 
7ffad2704000-7ffad2800000 rw-p 00000000 00:00 0 
7ffad2800000-7ffad2804000 ---p 00000000 00:00 0 
7ffad2804000-7ffad2900000 rw-p 00000000 00:00 0 
7ffad2900000-7ffad2904000 ---p 00000000 00:00 0 
7ffad2904000-7ffad2a00000 rw-p 00000000 00:00 0 
7ffad2a00000-7ffad2a04000 ---p 00000000 00:00 0 
7ffad2a04000-7ffad2b00000 rw-p 00000000 00:00 0 
7ffad2b00000-7ffad2b04000 ---p 00000000 00:00 0 
7ffad2b04000-7ffad2c00000 rw-p 00000000 00:00 0 
7ffad2c00000-7ffad2c04000 ---p 00000000 00:00 0 
7ffad2c04000-7ffad2d00000 rw-p 00000000 00:00 0 
7ffad2d00000-7ffad2d04000 ---p 00000000 00:00 0 
7ffad2d04000-7ffad2e00000 rw-p 00000000 00:00 0 
7ffad2e00000-7ffad2e04000 ---p 00000000 00:00 0 
7ffad2e04000-7ffad2f00000 rw-p 00000000 00:00 0 
7ffad2f00000-7ffad2f04000 ---p 00000000 00:00 0 
7ffad2f04000-7ffad3800000 rw-p 00000000 00:00 0 
7ffad3800000-7ffad4000000 rw-p 00000000 00:00 0 
7ffad4000000-7ffad4021000 rw-p 00000000 00:00 0 
7ffad4021000-7ffad8000000 ---p 00000000 00:00 0 
7ffad8000000-7ffad8054000 rw-p 00000000 00:00 0 
7ffad8054000-7ffadc000000 ---p 00000000 00:00 0 
7ffadc000000-7ffadc021000 rw-p 00000000 00:00 0 
7ffadc021000-7ffae0000000 ---p 00000000 00:00 0 
7ffae0000000-7ffae0716000 rw-p 00000000 00:00 0 
7ffae0716000-7ffae4000000 ---p 00000000 00:00 0 
7ffae4000000-7ffae4021000 rw-p 00000000 00:00 0 
7ffae4021000-7ffae8000000 ---p 00000000 00:00 0 
7ffae8000000-7ffae8021000 rw-p 00000000 00:00 0 
7ffae8021000-7ffaec000000 ---p 00000000 00:00 0 
7ffaec000000-7ffaec021000 rw-p 00000000 00:00 0 
7ffaec021000-7ffaf0000000 ---p 00000000 00:00 0 
7ffaf0000000-7ffaf003c000 rw-p 00000000 00:00 0 
7ffaf003c000-7ffaf4000000 ---p 00000000 00:00 0 
7ffaf4000000-7ffaf4021000 rw-p 00000000 00:00 0 
7ffaf4021000-7ffaf8000000 ---p 00000000 00:00 0 
7ffaf8000000-7ffaf8004000 ---p 00000000 00:00 0 
7ffaf8004000-7ffaf8100000 rw-p 00000000 00:00 0 
7ffaf8100000-7ffaf8104000 ---p 00000000 00:00 0 
7ffaf8104000-7ffaf8200000 rw-p 00000000 00:00 0 
7ffaf8200000-7ffaf8204000 ---p 00000000 00:00 0 
7ffaf8204000-7ffaf8300000 rw-p 00000000 00:00 0 
7ffaf8300000-7ffaf8304000 ---p 00000000 00:00 0 
7ffaf8304000-7ffaf8500000 rw-p 00000000 00:00 0 
7ffaf8500000-7ffaf85e0000 rw-p 00000000 00:00 0 
7ffaf85e0000-7ffaf8600000 ---p 00000000 00:00 0 
7ffaf8600000-7ffaf8c00000 rw-p 00000000 00:00 0 
7ffaf8c00000-7ffaf9400000 rw-p 00000000 00:00 0 
7ffaf9400000-7ffaf9404000 ---p 00000000 00:00 0 
7ffaf9404000-7ffaf9500000 rw-p 00000000 00:00 0 
7ffaf9500000-7ffaf9504000 ---p 00000000 00:00 0 
7ffaf9504000-7ffaf9600000 rw-p 00000000 00:00 0 
7ffaf9600000-7ffaf9604000 ---p 00000000 00:00 0 
7ffaf9604000-7ffaf9700000 rw-p 00000000 00:00 0 
7ffaf9700000-7ffaf9704000 ---p 00000000 00:00 0 
7ffaf9704000-7ffaf9f00000 rw-p 00000000 00:00 0 
7ffaf9f00000-7ffafa000000 rw-p 00000000 00:00 0 
7ffafa0fe000-7ffafa102000 ---p 00000000 00:00 0 
7ffafa102000-7ffafa1fe000 rw-p 00000000 00:00 0 
7ffafa1fe000-7ffafa202000 ---p 00000000 00:00 0 
7ffafa202000-7ffafa2fe000 rw-p 00000000 00:00 0 
7ffafa2fe000-7ffafa302000 ---p 00000000 00:00 0 
7ffafa302000-7ffafa3fe000 rw-p 00000000 00:00 0 
7ffafa3fe000-7ffafa402000 ---p 00000000 00:00 0 
7ffafa402000-7ffafa4fe000 rw-p 00000000 00:00 0 
7ffafa4fe000-7ffafa4ff000 ---p 00000000 00:00 0 
7ffafa4ff000-7ffafa600000 rw-p 00000000 00:00 0 
7ffafa600000-7ffafa604000 ---p 00000000 00:00 0 
7ffafa604000-7ffafa700000 rw-p 00000000 00:00 0 
7ffafa700000-7ffafa704000 ---p 00000000 00:00 0 
7ffafa704000-7ffafa900000 rw-p 00000000 00:00 0 
7ffafa900000-7ffafa920000 rw-p 00000000 00:00 0 
7ffafa920000-7ffafa940000 rw-p 00000000 00:00 0 
7ffafa940000-7ffafa980000 rw-p 00000000 00:00 0 
7ffafa980000-7ffafab00000 rw-p 00000000 00:00 0 
7ffafab00000-7ffafab80000 rw-p 00000000 00:00 0 
7ffafab80000-7ffafad00000 rw-p 00000000 00:00 0 
7ffafad00000-7ffafaf00000 rw-p 00000000 00:00 0 
7ffafaf00000-7ffafb000000 rw-p 00000000 00:00 0 
7ffafb0cd000-7ffafb0d1000 ---p 00000000 00:00 0 
7ffafb0d1000-7ffafb1cd000 rw-p 00000000 00:00 0 
7ffafb1cd000-7ffafb1ce000 ---p 00000000 00:00 0 
7ffafb1ce000-7ffafb300000 rw-p 00000000 00:00 0 
7ffafb300000-7ffafb304000 ---p 00000000 00:00 0 
7ffafb304000-7ffafb400000 rw-p 00000000 00:00 0 
7ffafb400000-7ffafb404000 ---p 00000000 00:00 0 
7ffafb404000-7ffafb500000 rw-p 00000000 00:00 0 
7ffafb500000-7ffafb504000 ---p 00000000 00:00 0 
7ffafb504000-7ffafb600000 rw-p 00000000 00:00 0 
7ffafb600000-7ffafb604000 ---p 00000000 00:00 0 
7ffafb604000-7ffafb700000 rw-p 00000000 00:00 0 
7ffafb700000-7ffafb704000 ---p 00000000 00:00 0 
7ffafb704000-7ffafbd00000 rw-p 00000000 00:00 0 
7ffafbd00000-7ffafbd20000 rw-p 00000000 00:00 0 
7ffafbd20000-7ffafbd40000 rw-p 00000000 00:00 0 
7ffafbd40000-7ffafbd80000 rw-p 00000000 00:00 0 
7ffafbd80000-7ffafbf00000 rw-p 00000000 00:00 0 
7ffafbf00000-7ffafbf20000 rw-p 00000000 00:00 0 
7ffafbf20000-7ffafbf40000 rw-p 00000000 00:00 0 
7ffafbf40000-7ffafbf80000 rw-p 00000000 00:00 0 
7ffafbf80000-7ffafc000000 rw-p 00000000 00:00 0 
7ffafc000000-7ffafc021000 rw-p 00000000 00:00 0 
7ffafc021000-7ffb00000000 ---p 00000000 00:00 0 
7ffb00000000-7ffb00181000 rw-p 00000000 00:00 0 
7ffb00181000-7ffb04000000 ---p 00000000 00:00 0 
7ffb04000000-7ffb04021000 rw-p 00000000 00:00 0 
7ffb04021000-7ffb08000000 ---p 00000000 00:00 0 
7ffb08000000-7ffb08021000 rw-p 00000000 00:00 0 
7ffb08021000-7ffb0c000000 ---p 00000000 00:00 0 
7ffb0c000000-7ffb0c021000 rw-p 00000000 00:00 0 
7ffb0c021000-7ffb10000000 ---p 00000000 00:00 0 
7ffb10000000-7ffb10004000 ---p 00000000 00:00 0 
7ffb10004000-7ffb10100000 rw-p 00000000 00:00 0 
7ffb10100000-7ffb10104000 ---p 00000000 00:00 0 
7ffb10104000-7ffb10200000 rw-p 00000000 00:00 0 
7ffb10200000-7ffb10478000 r--p 00000000 08:01 7089107                    /usr/lib/locale/aa_DJ.utf8/LC_COLLATE
7ffb10480000-7ffb104a4000 r--p 00000000 08:01 1718793                    /usr/share/locale/pt_BR/LC_MESSAGES/libc.mo
7ffb104a4000-7ffb104fb000 r--p 00000000 08:01 7089108                    /usr/lib/locale/aa_DJ.utf8/LC_CTYPE
7ffb104fb000-7ffb104ff000 ---p 00000000 00:00 0 
7ffb104ff000-7ffb105fb000 rw-p 00000000 00:00 0 
7ffb105fb000-7ffb105ff000 ---p 00000000 00:00 0 
7ffb105ff000-7ffb106fb000 rw-p 00000000 00:00 0 
7ffb106fb000-7ffb106fc000 ---p 00000000 00:00 0 
7ffb106fc000-7ffb1087e000 rw-p 00000000 00:00 0 
7ffb1087e000-7ffb1087f000 ---p 00000000 00:00 0 
7ffb1087f000-7ffb10980000 rw-p 00000000 00:00 0 
7ffb10980000-7ffb10981000 ---p 00000000 00:00 0 
7ffb10981000-7ffb12c84000 rw-p 00000000 00:00 0 
7ffb12c84000-7ffb12c85000 ---p 00000000 00:00 0 
7ffb12c85000-7ffb12d86000 rw-p 00000000 00:00 0 
7ffb12d86000-7ffb12d87000 ---p 00000000 00:00 0 
7ffb12d87000-7ffb12f60000 rw-p 00000000 00:00 0 
7ffb12f60000-7ffb12f70000 ---p 00000000 00:00 0 
7ffb12f70000-7ffb12f78000 rw-p 00000000 00:00 0 
7ffb12f78000-7ffb13d68000 ---p 00000000 00:00 0 
7ffb13d68000-7ffb13e0c000 rw-p 00000000 00:00 0 
7ffb13e0c000-7ffb13e40000 rw-p 00000000 00:00 0 
7ffb13e40000-7ffb13e50000 ---p 00000000 00:00 0 
7ffb13e50000-7ffb13e58000 rw-p 00000000 00:00 0 
7ffb13e58000-7ffb14c48000 ---p 00000000 00:00 0 
7ffb14c48000-7ffb14c63000 rw-p 00000000 00:00 0 
7ffb14c63000-7ffb14c65000 ---p 00000000 00:00 0 
7ffb14c65000-7ffb14c66000 rw-p 00000000 00:00 0 
7ffb14c66000-7ffb14e24000 ---p 00000000 00:00 0 
7ffb14e24000-7ffb14e3f000 rw-p 00000000 00:00 0 
7ffb14e3f000-7ffb14e41000 ---p 00000000 00:00 0 
7ffb14e41000-7ffb14e42000 rw-p 00000000 00:00 0 
7ffb14e42000-7ffb15000000 ---p 00000000 00:00 0 
7ffb15000000-7ffb15890000 rwxp 00000000 00:00 0 
7ffb15890000-7ffb18000000 ---p 00000000 00:00 0 
7ffb18000000-7ffb195c8000 rw-p 00000000 00:00 0 
7ffb195c8000-7ffb1c000000 ---p 00000000 00:00 0 
7ffb1c008000-7ffb1c00c000 r--p 00000000 08:01 3932420                    /opt/sts-4.16.1.RELEASE/plugins/org.eclipse.justj.openjdk.hotspot.jre.full.linux.x86_64_17.0.4.v20221004-1257/jre/lib/libverify.so
7ffb1c00c000-7ffb1c013000 r-xp 00004000 08:01 3932420                    /opt/sts-4.16.1.RELEASE/plugins/org.eclipse.justj.openjdk.hotspot.jre.full.linux.x86_64_17.0.4.v20221004-1257/jre/lib/libverify.so
7ffb1c013000-7ffb1c015000 r--p 0000b000 08:01 3932420                    /opt/sts-4.16.1.RELEASE/plugins/org.eclipse.justj.openjdk.hotspot.jre.full.linux.x86_64_17.0.4.v20221004-1257/jre/lib/libverify.so
7ffb1c015000-7ffb1c017000 r--p 0000c000 08:01 3932420                    /opt/sts-4.16.1.RELEASE/plugins/org.eclipse.justj.openjdk.hotspot.jre.full.linux.x86_64_17.0.4.v20221004-1257/jre/lib/libverify.so
7ffb1c017000-7ffb1c018000 rw-p 0000e000 08:01 3932420                    /opt/sts-4.16.1.RELEASE/plugins/org.eclipse.justj.openjdk.hotspot.jre.full.linux.x86_64_17.0.4.v20221004-1257/jre/lib/libverify.so
7ffb1c018000-7ffb1c01a000 r--p 00000000 08:01 3932435                    /opt/sts-4.16.1.RELEASE/plugins/org.eclipse.justj.openjdk.hotspot.jre.full.linux.x86_64_17.0.4.v20221004-1257/jre/lib/libmanagement_ext.so
7ffb1c01a000-7ffb1c01d000 r-xp 00002000 08:01 3932435                    /opt/sts-4.16.1.RELEASE/plugins/org.eclipse.justj.openjdk.hotspot.jre.full.linux.x86_64_17.0.4.v20221004-1257/jre/lib/libmanagement_ext.so
7ffb1c01d000-7ffb1c01e000 r--p 00005000 08:01 3932435                    /opt/sts-4.16.1.RELEASE/plugins/org.eclipse.justj.openjdk.hotspot.jre.full.linux.x86_64_17.0.4.v20221004-1257/jre/lib/libmanagement_ext.so
7ffb1c01e000-7ffb1c01f000 ---p 00006000 08:01 3932435                    /opt/sts-4.16.1.RELEASE/plugins/org.eclipse.justj.openjdk.hotspot.jre.full.linux.x86_64_17.0.4.v20221004-1257/jre/lib/libmanagement_ext.so
7ffb1c01f000-7ffb1c020000 r--p 00006000 08:01 3932435                    /opt/sts-4.16.1.RELEASE/plugins/org.eclipse.justj.openjdk.hotspot.jre.full.linux.x86_64_17.0.4.v20221004-1257/jre/lib/libmanagement_ext.so
7ffb1c020000-7ffb1c021000 rw-p 00007000 08:01 3932435                    /opt/sts-4.16.1.RELEASE/plugins/org.eclipse.justj.openjdk.hotspot.jre.full.linux.x86_64_17.0.4.v20221004-1257/jre/lib/libmanagement_ext.so
7ffb1c021000-7ffb1c022000 ---p 00000000 00:00 0 
7ffb1c022000-7ffb1c13e000 rw-p 00000000 00:00 0 
7ffb1c13e000-7ffb1c140000 ---p 00000000 00:00 0 
7ffb1c140000-7ffb1c141000 rw-p 00000000 00:00 0 
7ffb1c141000-7ffb1c2ff000 ---p 00000000 00:00 0 
7ffb1c2ff000-7ffb1c400000 rw-p 00000000 00:00 0 
7ffb1c400000-7ffb1fa5d000 r--s 00000000 08:01 3932469                    /opt/sts-4.16.1.RELEASE/plugins/org.eclipse.justj.openjdk.hotspot.jre.full.linux.x86_64_17.0.4.v20221004-1257/jre/lib/modules
7ffb1fa60000-7ffb1fa61000 r--p 00000000 08:01 3932454                    /opt/sts-4.16.1.RELEASE/plugins/org.eclipse.justj.openjdk.hotspot.jre.full.linux.x86_64_17.0.4.v20221004-1257/jre/lib/libextnet.so
7ffb1fa61000-7ffb1fa62000 r-xp 00001000 08:01 3932454                    /opt/sts-4.16.1.RELEASE/plugins/org.eclipse.justj.openjdk.hotspot.jre.full.linux.x86_64_17.0.4.v20221004-1257/jre/lib/libextnet.so
7ffb1fa62000-7ffb1fa63000 r--p 00002000 08:01 3932454                    /opt/sts-4.16.1.RELEASE/plugins/org.eclipse.justj.openjdk.hotspot.jre.full.linux.x86_64_17.0.4.v20221004-1257/jre/lib/libextnet.so
7ffb1fa63000-7ffb1fa64000 r--p 00002000 08:01 3932454                    /opt/sts-4.16.1.RELEASE/plugins/org.eclipse.justj.openjdk.hotspot.jre.full.linux.x86_64_17.0.4.v20221004-1257/jre/lib/libextnet.so
7ffb1fa64000-7ffb1fa65000 rw-p 00003000 08:01 3932454                    /opt/sts-4.16.1.RELEASE/plugins/org.eclipse.justj.openjdk.hotspot.jre.full.linux.x86_64_17.0.4.v20221004-1257/jre/lib/libextnet.so
7ffb1fa65000-7ffb1fa68000 r--p 00000000 08:01 3932470                    /opt/sts-4.16.1.RELEASE/plugins/org.eclipse.justj.openjdk.hotspot.jre.full.linux.x86_64_17.0.4.v20221004-1257/jre/lib/libmanagement.so
7ffb1fa68000-7ffb1fa69000 r-xp 00003000 08:01 3932470                    /opt/sts-4.16.1.RELEASE/plugins/org.eclipse.justj.openjdk.hotspot.jre.full.linux.x86_64_17.0.4.v20221004-1257/jre/lib/libmanagement.so
7ffb1fa69000-7ffb1fa6a000 r--p 00004000 08:01 3932470                    /opt/sts-4.16.1.RELEASE/plugins/org.eclipse.justj.openjdk.hotspot.jre.full.linux.x86_64_17.0.4.v20221004-1257/jre/lib/libmanagement.so
7ffb1fa6a000-7ffb1fa6b000 r--p 00004000 08:01 3932470                    /opt/sts-4.16.1.RELEASE/plugins/org.eclipse.justj.openjdk.hotspot.jre.full.linux.x86_64_17.0.4.v20221004-1257/jre/lib/libmanagement.so
7ffb1fa6b000-7ffb1fa6c000 rw-p 00005000 08:01 3932470                    /opt/sts-4.16.1.RELEASE/plugins/org.eclipse.justj.openjdk.hotspot.jre.full.linux.x86_64_17.0.4.v20221004-1257/jre/lib/libmanagement.so
7ffb1fa6c000-7ffb1fa70000 r--p 00000000 08:01 3932452                    /opt/sts-4.16.1.RELEASE/plugins/org.eclipse.justj.openjdk.hotspot.jre.full.linux.x86_64_17.0.4.v20221004-1257/jre/lib/libnet.so
7ffb1fa70000-7ffb1fa7e000 r-xp 00004000 08:01 3932452                    /opt/sts-4.16.1.RELEASE/plugins/org.eclipse.justj.openjdk.hotspot.jre.full.linux.x86_64_17.0.4.v20221004-1257/jre/lib/libnet.so
7ffb1fa7e000-7ffb1fa82000 r--p 00012000 08:01 3932452                    /opt/sts-4.16.1.RELEASE/plugins/org.eclipse.justj.openjdk.hotspot.jre.full.linux.x86_64_17.0.4.v20221004-1257/jre/lib/libnet.so
7ffb1fa82000-7ffb1fa83000 r--p 00015000 08:01 3932452                    /opt/sts-4.16.1.RELEASE/plugins/org.eclipse.justj.openjdk.hotspot.jre.full.linux.x86_64_17.0.4.v20221004-1257/jre/lib/libnet.so
7ffb1fa83000-7ffb1fa84000 rw-p 00016000 08:01 3932452                    /opt/sts-4.16.1.RELEASE/plugins/org.eclipse.justj.openjdk.hotspot.jre.full.linux.x86_64_17.0.4.v20221004-1257/jre/lib/libnet.so
7ffb1fa84000-7ffb1fc21000 rw-p 00000000 00:00 0 
7ffb1fc21000-7ffb1fc25000 ---p 00000000 00:00 0 
7ffb1fc25000-7ffb1fd21000 rw-p 00000000 00:00 0 
7ffb1fd21000-7ffb1fd2f000 r--p 00000000 08:01 6817568                    /usr/lib/x86_64-linux-gnu/libm.so.6
7ffb1fd2f000-7ffb1fda1000 r-xp 0000e000 08:01 6817568                    /usr/lib/x86_64-linux-gnu/libm.so.6
7ffb1fda1000-7ffb1fdfe000 r--p 00080000 08:01 6817568                    /usr/lib/x86_64-linux-gnu/libm.so.6
7ffb1fdfe000-7ffb1fdff000 r--p 000dc000 08:01 6817568                    /usr/lib/x86_64-linux-gnu/libm.so.6
7ffb1fdff000-7ffb1fe00000 rw-p 000dd000 08:01 6817568                    /usr/lib/x86_64-linux-gnu/libm.so.6
7ffb1fe00000-7ffb20051000 r--p 00000000 08:01 3932439                    /opt/sts-4.16.1.RELEASE/plugins/org.eclipse.justj.openjdk.hotspot.jre.full.linux.x86_64_17.0.4.v20221004-1257/jre/lib/server/libjvm.so
7ffb20051000-7ffb20d6a000 r-xp 00251000 08:01 3932439                    /opt/sts-4.16.1.RELEASE/plugins/org.eclipse.justj.openjdk.hotspot.jre.full.linux.x86_64_17.0.4.v20221004-1257/jre/lib/server/libjvm.so
7ffb20d6a000-7ffb20ff5000 r--p 00f6a000 08:01 3932439                    /opt/sts-4.16.1.RELEASE/plugins/org.eclipse.justj.openjdk.hotspot.jre.full.linux.x86_64_17.0.4.v20221004-1257/jre/lib/server/libjvm.so
7ffb20ff5000-7ffb210ae000 r--p 011f4000 08:01 3932439                    /opt/sts-4.16.1.RELEASE/plugins/org.eclipse.justj.openjdk.hotspot.jre.full.linux.x86_64_17.0.4.v20221004-1257/jre/lib/server/libjvm.so
7ffb210ae000-7ffb210e3000 rw-p 012ad000 08:01 3932439                    /opt/sts-4.16.1.RELEASE/plugins/org.eclipse.justj.openjdk.hotspot.jre.full.linux.x86_64_17.0.4.v20221004-1257/jre/lib/server/libjvm.so
7ffb210e3000-7ffb2113c000 rw-p 00000000 00:00 0 
7ffb2113c000-7ffb21143000 r--p 00000000 08:01 3932461                    /opt/sts-4.16.1.RELEASE/plugins/org.eclipse.justj.openjdk.hotspot.jre.full.linux.x86_64_17.0.4.v20221004-1257/jre/lib/libnio.so
7ffb21143000-7ffb2114c000 r-xp 00007000 08:01 3932461                    /opt/sts-4.16.1.RELEASE/plugins/org.eclipse.justj.openjdk.hotspot.jre.full.linux.x86_64_17.0.4.v20221004-1257/jre/lib/libnio.so
7ffb2114c000-7ffb21150000 r--p 00010000 08:01 3932461                    /opt/sts-4.16.1.RELEASE/plugins/org.eclipse.justj.openjdk.hotspot.jre.full.linux.x86_64_17.0.4.v20221004-1257/jre/lib/libnio.so
7ffb21150000-7ffb21151000 ---p 00014000 08:01 3932461                    /opt/sts-4.16.1.RELEASE/plugins/org.eclipse.justj.openjdk.hotspot.jre.full.linux.x86_64_17.0.4.v20221004-1257/jre/lib/libnio.so
7ffb21151000-7ffb21152000 r--p 00014000 08:01 3932461                    /opt/sts-4.16.1.RELEASE/plugins/org.eclipse.justj.openjdk.hotspot.jre.full.linux.x86_64_17.0.4.v20221004-1257/jre/lib/libnio.so
7ffb21152000-7ffb21153000 rw-p 00015000 08:01 3932461                    /opt/sts-4.16.1.RELEASE/plugins/org.eclipse.justj.openjdk.hotspot.jre.full.linux.x86_64_17.0.4.v20221004-1257/jre/lib/libnio.so
7ffb21153000-7ffb21154000 r--p 00000000 08:01 7089153                    /usr/lib/locale/agr_PE/LC_NUMERIC
7ffb21154000-7ffb21155000 r--p 00000000 08:01 7348294                    /usr/lib/locale/pt_BR.utf8/LC_TIME
7ffb21155000-7ffb21156000 r--p 00000000 08:01 7348292                    /usr/lib/locale/pt_BR.utf8/LC_MONETARY
7ffb21156000-7ffb21157000 r--p 00000000 08:01 7348291                    /usr/lib/locale/pt_BR.utf8/LC_MESSAGES/SYS_LC_MESSAGES
7ffb21157000-7ffb21189000 rw-p 00000000 00:00 0 
7ffb21189000-7ffb211d7000 ---p 00000000 00:00 0 
7ffb211d7000-7ffb211e4000 r--p 00000000 08:01 3932464                    /opt/sts-4.16.1.RELEASE/plugins/org.eclipse.justj.openjdk.hotspot.jre.full.linux.x86_64_17.0.4.v20221004-1257/jre/lib/libjava.so
7ffb211e4000-7ffb211f6000 r-xp 0000d000 08:01 3932464                    /opt/sts-4.16.1.RELEASE/plugins/org.eclipse.justj.openjdk.hotspot.jre.full.linux.x86_64_17.0.4.v20221004-1257/jre/lib/libjava.so
7ffb211f6000-7ffb211fc000 r--p 0001f000 08:01 3932464                    /opt/sts-4.16.1.RELEASE/plugins/org.eclipse.justj.openjdk.hotspot.jre.full.linux.x86_64_17.0.4.v20221004-1257/jre/lib/libjava.so
7ffb211fc000-7ffb211fd000 ---p 00025000 08:01 3932464                    /opt/sts-4.16.1.RELEASE/plugins/org.eclipse.justj.openjdk.hotspot.jre.full.linux.x86_64_17.0.4.v20221004-1257/jre/lib/libjava.so
7ffb211fd000-7ffb211fe000 r--p 00025000 08:01 3932464                    /opt/sts-4.16.1.RELEASE/plugins/org.eclipse.justj.openjdk.hotspot.jre.full.linux.x86_64_17.0.4.v20221004-1257/jre/lib/libjava.so
7ffb211fe000-7ffb211ff000 rw-p 00026000 08:01 3932464                    /opt/sts-4.16.1.RELEASE/plugins/org.eclipse.justj.openjdk.hotspot.jre.full.linux.x86_64_17.0.4.v20221004-1257/jre/lib/libjava.so
7ffb211ff000-7ffb21200000 rw-p 00000000 00:00 0 
7ffb21200000-7ffb21228000 r--p 00000000 08:01 6816833                    /usr/lib/x86_64-linux-gnu/libc.so.6
7ffb21228000-7ffb21398000 r-xp 00028000 08:01 6816833                    /usr/lib/x86_64-linux-gnu/libc.so.6
7ffb21398000-7ffb213f0000 r--p 00198000 08:01 6816833                    /usr/lib/x86_64-linux-gnu/libc.so.6
7ffb213f0000-7ffb213f4000 r--p 001f0000 08:01 6816833                    /usr/lib/x86_64-linux-gnu/libc.so.6
7ffb213f4000-7ffb213f6000 rw-p 001f4000 08:01 6816833                    /usr/lib/x86_64-linux-gnu/libc.so.6
7ffb213f6000-7ffb21403000 rw-p 00000000 00:00 0 
7ffb21403000-7ffb21404000 r--p 00000000 08:01 7089115                    /usr/lib/locale/aa_DJ.utf8/LC_PAPER
7ffb21404000-7ffb21405000 r--p 00000000 08:01 7089152                    /usr/lib/locale/agr_PE/LC_NAME
7ffb21405000-7ffb21406000 r--p 00000000 08:01 7348289                    /usr/lib/locale/pt_BR.utf8/LC_ADDRESS
7ffb21406000-7ffb21407000 r--p 00000000 08:01 7348293                    /usr/lib/locale/pt_BR.utf8/LC_TELEPHONE
7ffb21407000-7ffb2140e000 r--s 00000000 08:01 7215044                    /usr/lib/x86_64-linux-gnu/gconv/gconv-modules.cache
7ffb2140e000-7ffb21412000 r--p 00000000 08:01 3932451                    /opt/sts-4.16.1.RELEASE/plugins/org.eclipse.justj.openjdk.hotspot.jre.full.linux.x86_64_17.0.4.v20221004-1257/jre/lib/libjimage.so
7ffb21412000-7ffb21425000 r-xp 00004000 08:01 3932451                    /opt/sts-4.16.1.RELEASE/plugins/org.eclipse.justj.openjdk.hotspot.jre.full.linux.x86_64_17.0.4.v20221004-1257/jre/lib/libjimage.so
7ffb21425000-7ffb2142b000 r--p 00017000 08:01 3932451                    /opt/sts-4.16.1.RELEASE/plugins/org.eclipse.justj.openjdk.hotspot.jre.full.linux.x86_64_17.0.4.v20221004-1257/jre/lib/libjimage.so
7ffb2142b000-7ffb2142d000 r--p 0001c000 08:01 3932451                    /opt/sts-4.16.1.RELEASE/plugins/org.eclipse.justj.openjdk.hotspot.jre.full.linux.x86_64_17.0.4.v20221004-1257/jre/lib/libjimage.so
7ffb2142d000-7ffb2142e000 rw-p 0001e000 08:01 3932451                    /opt/sts-4.16.1.RELEASE/plugins/org.eclipse.justj.openjdk.hotspot.jre.full.linux.x86_64_17.0.4.v20221004-1257/jre/lib/libjimage.so
7ffb2142e000-7ffb2142f000 r--p 00000000 08:01 6831562                    /usr/lib/x86_64-linux-gnu/librt.so.1
7ffb2142f000-7ffb21430000 r-xp 00001000 08:01 6831562                    /usr/lib/x86_64-linux-gnu/librt.so.1
7ffb21430000-7ffb21431000 r--p 00002000 08:01 6831562                    /usr/lib/x86_64-linux-gnu/librt.so.1
7ffb21431000-7ffb21432000 r--p 00002000 08:01 6831562                    /usr/lib/x86_64-linux-gnu/librt.so.1
7ffb21432000-7ffb21433000 rw-p 00003000 08:01 6831562                    /usr/lib/x86_64-linux-gnu/librt.so.1
7ffb21433000-7ffb21437000 rw-p 00000000 00:00 0 
7ffb21437000-7ffb21438000 r--p 00000000 08:01 6817131                    /usr/lib/x86_64-linux-gnu/libdl.so.2
7ffb21438000-7ffb21439000 r-xp 00001000 08:01 6817131                    /usr/lib/x86_64-linux-gnu/libdl.so.2
7ffb21439000-7ffb2143a000 r--p 00002000 08:01 6817131                    /usr/lib/x86_64-linux-gnu/libdl.so.2
7ffb2143a000-7ffb2143b000 r--p 00002000 08:01 6817131                    /usr/lib/x86_64-linux-gnu/libdl.so.2
7ffb2143b000-7ffb2143c000 rw-p 00003000 08:01 6817131                    /usr/lib/x86_64-linux-gnu/libdl.so.2
7ffb2143c000-7ffb2143d000 r--p 00000000 08:01 6830775                    /usr/lib/x86_64-linux-gnu/libpthread.so.0
7ffb2143d000-7ffb2143e000 r-xp 00001000 08:01 6830775                    /usr/lib/x86_64-linux-gnu/libpthread.so.0
7ffb2143e000-7ffb2143f000 r--p 00002000 08:01 6830775                    /usr/lib/x86_64-linux-gnu/libpthread.so.0
7ffb2143f000-7ffb21440000 r--p 00002000 08:01 6830775                    /usr/lib/x86_64-linux-gnu/libpthread.so.0
7ffb21440000-7ffb21441000 rw-p 00003000 08:01 6830775                    /usr/lib/x86_64-linux-gnu/libpthread.so.0
7ffb21441000-7ffb21444000 r--p 00000000 08:01 3932468                    /opt/sts-4.16.1.RELEASE/plugins/org.eclipse.justj.openjdk.hotspot.jre.full.linux.x86_64_17.0.4.v20221004-1257/jre/lib/libjli.so
7ffb21444000-7ffb2144e000 r-xp 00003000 08:01 3932468                    /opt/sts-4.16.1.RELEASE/plugins/org.eclipse.justj.openjdk.hotspot.jre.full.linux.x86_64_17.0.4.v20221004-1257/jre/lib/libjli.so
7ffb2144e000-7ffb21451000 r--p 0000d000 08:01 3932468                    /opt/sts-4.16.1.RELEASE/plugins/org.eclipse.justj.openjdk.hotspot.jre.full.linux.x86_64_17.0.4.v20221004-1257/jre/lib/libjli.so
7ffb21451000-7ffb21452000 ---p 00010000 08:01 3932468                    /opt/sts-4.16.1.RELEASE/plugins/org.eclipse.justj.openjdk.hotspot.jre.full.linux.x86_64_17.0.4.v20221004-1257/jre/lib/libjli.so
7ffb21452000-7ffb21453000 r--p 00010000 08:01 3932468                    /opt/sts-4.16.1.RELEASE/plugins/org.eclipse.justj.openjdk.hotspot.jre.full.linux.x86_64_17.0.4.v20221004-1257/jre/lib/libjli.so
7ffb21453000-7ffb21454000 rw-p 00011000 08:01 3932468                    /opt/sts-4.16.1.RELEASE/plugins/org.eclipse.justj.openjdk.hotspot.jre.full.linux.x86_64_17.0.4.v20221004-1257/jre/lib/libjli.so
7ffb21454000-7ffb21457000 r--p 00000000 08:01 6828088                    /usr/lib/x86_64-linux-gnu/libz.so.1.2.11
7ffb21457000-7ffb21469000 r-xp 00003000 08:01 6828088                    /usr/lib/x86_64-linux-gnu/libz.so.1.2.11
7ffb21469000-7ffb2146f000 r--p 00015000 08:01 6828088                    /usr/lib/x86_64-linux-gnu/libz.so.1.2.11
7ffb2146f000-7ffb21470000 r--p 0001b000 08:01 6828088                    /usr/lib/x86_64-linux-gnu/libz.so.1.2.11
7ffb21470000-7ffb21471000 rw-p 0001c000 08:01 6828088                    /usr/lib/x86_64-linux-gnu/libz.so.1.2.11
7ffb21471000-7ffb21472000 r--p 00000000 08:01 7089110                    /usr/lib/locale/aa_DJ.utf8/LC_MEASUREMENT
7ffb21472000-7ffb21473000 r--p 00000000 08:01 7348290                    /usr/lib/locale/pt_BR.utf8/LC_IDENTIFICATION
7ffb21473000-7ffb21475000 r--p 00000000 08:01 3932442                    /opt/sts-4.16.1.RELEASE/plugins/org.eclipse.justj.openjdk.hotspot.jre.full.linux.x86_64_17.0.4.v20221004-1257/jre/lib/libzip.so
7ffb21475000-7ffb21479000 r-xp 00002000 08:01 3932442                    /opt/sts-4.16.1.RELEASE/plugins/org.eclipse.justj.openjdk.hotspot.jre.full.linux.x86_64_17.0.4.v20221004-1257/jre/lib/libzip.so
7ffb21479000-7ffb2147b000 r--p 00006000 08:01 3932442                    /opt/sts-4.16.1.RELEASE/plugins/org.eclipse.justj.openjdk.hotspot.jre.full.linux.x86_64_17.0.4.v20221004-1257/jre/lib/libzip.so
7ffb2147b000-7ffb2147c000 r--p 00007000 08:01 3932442                    /opt/sts-4.16.1.RELEASE/plugins/org.eclipse.justj.openjdk.hotspot.jre.full.linux.x86_64_17.0.4.v20221004-1257/jre/lib/libzip.so
7ffb2147c000-7ffb2147d000 rw-p 00008000 08:01 3932442                    /opt/sts-4.16.1.RELEASE/plugins/org.eclipse.justj.openjdk.hotspot.jre.full.linux.x86_64_17.0.4.v20221004-1257/jre/lib/libzip.so
7ffb2147d000-7ffb21485000 rw-s 00000000 08:01 1048699                    /tmp/hsperfdata_kali/15682
7ffb21485000-7ffb21486000 ---p 00000000 00:00 0 
7ffb21486000-7ffb21487000 r--p 00000000 00:00 0 
7ffb21487000-7ffb21488000 ---p 00000000 00:00 0 
7ffb21488000-7ffb2148a000 rw-p 00000000 00:00 0 
7ffb2148a000-7ffb2148c000 r--p 00000000 08:01 6816726                    /usr/lib/x86_64-linux-gnu/ld-linux-x86-64.so.2
7ffb2148c000-7ffb214b2000 r-xp 00002000 08:01 6816726                    /usr/lib/x86_64-linux-gnu/ld-linux-x86-64.so.2
7ffb214b2000-7ffb214bd000 r--p 00028000 08:01 6816726                    /usr/lib/x86_64-linux-gnu/ld-linux-x86-64.so.2
7ffb214bd000-7ffb214bf000 r--p 00033000 08:01 6816726                    /usr/lib/x86_64-linux-gnu/ld-linux-x86-64.so.2
7ffb214bf000-7ffb214c1000 rw-p 00035000 08:01 6816726                    /usr/lib/x86_64-linux-gnu/ld-linux-x86-64.so.2
7ffc47435000-7ffc47458000 rw-p 00000000 00:00 0                          [stack]
7ffc4755c000-7ffc47560000 r--p 00000000 00:00 0                          [vvar]
7ffc47560000-7ffc47562000 r-xp 00000000 00:00 0                          [vdso]


VM Arguments:
jvm_args: -Dcom.sun.management.jmxremote -Dcom.sun.management.jmxremote.port=39393 -Dcom.sun.management.jmxremote.authenticate=false -Dcom.sun.management.jmxremote.ssl=false -Djava.rmi.server.hostname=localhost -Dspring.jmx.enabled=true -Dspring.application.admin.enabled=true -Djava.security.egd=file:/dev/./urandom -XX:TieredStopAtLevel=1 -Dspring.boot.project.name=mmometa -Dfile.encoding=UTF-8 -XX:+ShowCodeDetailsInExceptionMessages -Dawt.useSystemAAFontSettings=on -Dswing.aatext=true 
java_command: com.mmo515.mmometa.MmometaApplication --spring.output.ansi.enabled=always
java_class_path (initial): /home/kali/Documentos/STS-Projects/mmometa/backend/target/classes:/home/kali/.m2/repository/org/springframework/boot/spring-boot-starter-data-jpa/2.7.5/spring-boot-starter-data-jpa-2.7.5.jar:/home/kali/.m2/repository/org/springframework/boot/spring-boot-starter-aop/2.7.5/spring-boot-starter-aop-2.7.5.jar:/home/kali/.m2/repository/org/aspectj/aspectjweaver/1.9.7/aspectjweaver-1.9.7.jar:/home/kali/.m2/repository/org/springframework/boot/spring-boot-starter-jdbc/2.7.5/spring-boot-starter-jdbc-2.7.5.jar:/home/kali/.m2/repository/com/zaxxer/HikariCP/4.0.3/HikariCP-4.0.3.jar:/home/kali/.m2/repository/org/springframework/spring-jdbc/5.3.23/spring-jdbc-5.3.23.jar:/home/kali/.m2/repository/jakarta/transaction/jakarta.transaction-api/1.3.3/jakarta.transaction-api-1.3.3.jar:/home/kali/.m2/repository/jakarta/persistence/jakarta.persistence-api/2.2.3/jakarta.persistence-api-2.2.3.jar:/home/kali/.m2/repository/org/hibernate/hibernate-core/5.6.12.Final/hibernate-core-5.6.12.Final.jar:/home/kali/.m2/repository/org/jboss/logging/jboss-logging/3.4.3.Final/jboss-logging-3.4.3.Final.jar:/home/kali/.m2/repository/net/bytebuddy/byte-buddy/1.12.18/byte-buddy-1.12.18.jar:/home/kali/.m2/repository/antlr/antlr/2.7.7/antlr-2.7.7.jar:/home/kali/.m2/repository/org/jboss/jandex/2.4.2.Final/jandex-2.4.2.Final.jar:/home/kali/.m2/repository/com/fasterxml/classmate/1.5.1/classmate-1.5.1.jar:/home/kali/.m2/repository/org/hibernate/common/hibernate-commons-annotations/5.1.2.Final/hibernate-commons-annotations-5.1.2.Final.jar:/home/kali/.m2/repository/org/glassfish/jaxb/jaxb-runtime/2.3.7/jaxb-runtime-2.3.7.jar:/home/kali/.m2/repository/org/glassfish/jaxb/txw2/2.3.7/txw2-2.3.7.jar:/home/kali/.m2/repository/com/sun/istack/istack-commons-runtime/3.0.12/istack-commons-runtime-3.0.12.jar:/home/kali/.m2/repository/com/sun/activation/jakarta.activation/1.2.2/jakarta.activation-1.2.2.jar:/home/kali/.m2/repository/org/springframework/data/spring-data-jpa/2.7.5/spring-data-jpa-2.7.5
Launcher Type: SUN_STANDARD

[Global flags]
     intx CICompilerCount                          = 2                                         {product} {ergonomic}
     uint ConcGCThreads                            = 1                                         {product} {ergonomic}
     uint G1ConcRefinementThreads                  = 2                                         {product} {ergonomic}
   size_t G1HeapRegionSize                         = 1048576                                   {product} {ergonomic}
    uintx GCDrainStackTargetSize                   = 64                                        {product} {ergonomic}
   size_t InitialHeapSize                          = 62914560                                  {product} {ergonomic}
     bool ManagementServer                         = true                                      {product} {command line}
   size_t MarkStackSize                            = 4194304                                   {product} {ergonomic}
   size_t MaxHeapSize                              = 998244352                                 {product} {ergonomic}
   size_t MaxNewSize                               = 598736896                                 {product} {ergonomic}
   size_t MinHeapDeltaBytes                        = 1048576                                   {product} {ergonomic}
   size_t MinHeapSize                              = 8388608                                   {product} {ergonomic}
    uintx NonProfiledCodeHeapSize                  = 0                                      {pd product} {ergonomic}
     bool ProfileInterpreter                       = false                                  {pd product} {command line}
    uintx ProfiledCodeHeapSize                     = 0                                      {pd product} {ergonomic}
     bool ShowCodeDetailsInExceptionMessages       = true                                   {manageable} {command line}
   size_t SoftMaxHeapSize                          = 998244352                              {manageable} {ergonomic}
     intx TieredStopAtLevel                        = 1                                         {product} {command line}
     bool UseCompressedClassPointers               = true                           {product lp64_product} {ergonomic}
     bool UseCompressedOops                        = true                           {product lp64_product} {ergonomic}
     bool UseG1GC                                  = true                                      {product} {ergonomic}

Logging:
Log output configuration:
 #0: stdout all=warning uptime,level,tags
 #1: stderr all=off uptime,level,tags

Environment Variables:
_JAVA_OPTIONS=-Dawt.useSystemAAFontSettings=on -Dswing.aatext=true
PATH=/usr/local/sbin:/usr/local/bin:/usr/sbin:/usr/bin:/sbin:/bin:/usr/local/games:/usr/games
SHELL=/usr/bin/zsh
DISPLAY=:0.0
LANG=pt_BR.UTF-8

Signal Handlers:
   SIGSEGV: crash_handler in libjvm.so, mask=11100100010111111101111111111110, flags=SA_RESTART|SA_SIGINFO
    SIGBUS: crash_handler in libjvm.so, mask=11100100010111111101111111111110, flags=SA_RESTART|SA_SIGINFO
    SIGFPE: crash_handler in libjvm.so, mask=11100100010111111101111111111110, flags=SA_RESTART|SA_SIGINFO
   SIGPIPE: javaSignalHandler in libjvm.so, mask=11100100010111111101111111111110, flags=SA_RESTART|SA_SIGINFO
   SIGXFSZ: javaSignalHandler in libjvm.so, mask=11100100010111111101111111111110, flags=SA_RESTART|SA_SIGINFO
    SIGILL: crash_handler in libjvm.so, mask=11100100010111111101111111111110, flags=SA_RESTART|SA_SIGINFO
   SIGUSR2: SR_handler in libjvm.so, mask=00100000000000000000000000000000, flags=SA_RESTART|SA_SIGINFO
    SIGHUP: UserHandler in libjvm.so, mask=11100100010111111101111111111110, flags=SA_RESTART|SA_SIGINFO
    SIGINT: UserHandler in libjvm.so, mask=11100100010111111101111111111110, flags=SA_RESTART|SA_SIGINFO
   SIGTERM: UserHandler in libjvm.so, mask=11100100010111111101111111111110, flags=SA_RESTART|SA_SIGINFO
   SIGQUIT: UserHandler in libjvm.so, mask=11100100010111111101111111111110, flags=SA_RESTART|SA_SIGINFO
  *** Handler was modified!
  *** Expected: javaSignalHandler in libjvm.so, mask=11100100110111111111111111111110, flags=SA_RESTART|SA_SIGINFO
   SIGTRAP: crash_handler in libjvm.so, mask=11100100010111111101111111111110, flags=SA_RESTART|SA_SIGINFO


---------------  S Y S T E M  ---------------

OS:
PRETTY_NAME="Kali GNU/Linux Rolling"
NAME="Kali GNU/Linux"
ID=kali
VERSION="2022.3"
VERSION_ID="2022.3"
VERSION_CODENAME="kali-rolling"
ID_LIKE=debian
ANSI_COLOR="1;31"
HOME_URL="https://www.kali.org/"
SUPPORT_URL="https://forums.kali.org/"
BUG_REPORT_URL="https://bugs.kali.org/"
uname: Linux 5.19.0-kali2-amd64 #1 SMP PREEMPT_DYNAMIC Debian 5.19.11-1kali2 (2022-10-10) x86_64
OS uptime: 0 days 1:01 hours
libc: glibc 2.35 NPTL 2.35 
rlimit (soft/hard): STACK 8192k/infinity , CORE 0k/infinity , NPROC 14633/14633 , NOFILE 1048576/1048576 , AS infinity/infinity , CPU infinity/infinity , DATA infinity/infinity , FSIZE infinity/infinity , MEMLOCK 486756k/486756k
load average: 4,39 3,77 3,33

/proc/meminfo:
MemTotal:        3894052 kB
MemFree:          106804 kB
MemAvailable:     534236 kB
Buffers:           42336 kB
Cached:           634392 kB
SwapCached:        73172 kB
Active:           948284 kB
Inactive:        2546392 kB
Active(anon):     598528 kB
Inactive(anon):  2294740 kB
Active(file):     349756 kB
Inactive(file):   251652 kB
Unevictable:         176 kB
Mlocked:             176 kB
SwapTotal:       4881404 kB
SwapFree:        4403112 kB
Zswap:                 0 kB
Zswapped:              0 kB
Dirty:              1696 kB
Writeback:             0 kB
AnonPages:       2717352 kB
Mapped:           401688 kB
Shmem:             75220 kB
KReclaimable:      56360 kB
Slab:             119940 kB
SReclaimable:      56360 kB
SUnreclaim:        63580 kB
KernelStack:       10624 kB
PageTables:        30148 kB
NFS_Unstable:          0 kB
Bounce:                0 kB
WritebackTmp:          0 kB
CommitLimit:     6828428 kB
Committed_AS:    7458972 kB
VmallocTotal:   34359738367 kB
VmallocUsed:       41456 kB
VmallocChunk:          0 kB
Percpu:             1360 kB
HardwareCorrupted:     0 kB
AnonHugePages:   1429504 kB
ShmemHugePages:        0 kB
ShmemPmdMapped:        0 kB
FileHugePages:         0 kB
FilePmdMapped:         0 kB
HugePages_Total:       0
HugePages_Free:        0
HugePages_Rsvd:        0
HugePages_Surp:        0
Hugepagesize:       2048 kB
Hugetlb:               0 kB
DirectMap4k:      235916 kB
DirectMap2M:     3825664 kB

/sys/kernel/mm/transparent_hugepage/enabled: [always] madvise never
/sys/kernel/mm/transparent_hugepage/defrag (defrag/compaction efforts parameter): always defer defer+madvise [madvise] never

Process Memory:
Virtual Size: 3333236K (peak: 3333236K)
Resident Set Size: 166200K (peak: 198324K) (anon: 155188K, file: 11012K, shmem: 0K)
Swapped out: 17080K
C-Heap outstanding allocations: 38417K, retained: 4170K
glibc malloc tunables: (default)

/proc/sys/kernel/threads-max (system-wide limit on the number of threads): 29266
/proc/sys/vm/max_map_count (maximum number of memory map areas a process may have): 65530
/proc/sys/kernel/pid_max (system-wide limit on number of process identifiers): 4194304

container (cgroup) information:
container_type: cgroupv2
cpu_cpuset_cpus: not supported
cpu_memory_nodes: not supported
active_processor_count: 2
cpu_quota: no quota
cpu_period: 100000
cpu_shares: no shares
memory_limit_in_bytes: unlimited
memory_and_swap_limit_in_bytes: unlimited
memory_soft_limit_in_bytes: unlimited
memory_usage_in_bytes: 3278804 k
memory_max_usage_in_bytes: not supported
maximum number of tasks: unlimited
current number of tasks: 451

Steal ticks since vm start: 0
Steal ticks percentage since vm start:  0,000

CPU: total 2 (initial active 2) (2 cores per cpu, 1 threads per core) family 15 model 104 stepping 2 microcode 0x0, cx8, cmov, fxsr, mmx, 3dnowpref, sse, sse2, sse3, tsc, clflush
CPU Model and flags from /proc/cpuinfo:
model name	: AMD Turion(tm) 64 X2 Mobile Technology TL-60
flags		: fpu vme de pse tsc msr pae mce cx8 apic sep mtrr pge mca cmov pat pse36 clflush mmx fxsr sse sse2 ht syscall nx mmxext fxsr_opt rdtscp lm 3dnowext 3dnow rep_good nopl cpuid extd_apicid pni cx16 lahf_lm cmp_legacy svm extapic cr8_legacy 3dnowprefetch vmmcall lbrv

Online cpus: 0-1
Offline cpus: 
BIOS frequency limitation: 2000000
Frequency switch latency (ns): 109000
Available cpu frequencies: 2000000 1800000 1600000 800000 
Current governor: schedutil
Core performance/turbo boost: <Not Available>

Memory: 4k page, physical 3894052k(105544k free), swap 4881404k(4403112k free)
Page Sizes: 4k

vm_info: OpenJDK 64-Bit Server VM (17.0.4.1+1) for linux-amd64 JRE (17.0.4.1+1), built on Aug 12 2022 00:00:00 by "temurin" with gcc 10.3.0

END.
